596130 000 ""
000001 002 "  "
000001 013 " data:%%DUMP%"
000001 017 " leaving CDIstubs"
000001 028 " len=-%%d% sign=%%d%        "
011305 018 "#EOBTL# %%d%=%%HH%"
000595 023 "#_INFO# EOB-TraceLevel#"
000025 007 "%%DUMP%"
000001 004 "%%d%"
408192 022 "%%d% entering CDIstubs"
408191 021 "%%d% leaving CDIstubs"
000003 073 "%%d%, type:%%HHH%, s: %%d%, d: %%d%, ch:  %%d%, len:  %%d%, data: %%DUMP%"
000029 036 "%%d%/%%d%/%%d% - %%d%:%%d%:%%d% PM: "
000008 034 "%%d%/%%d%/%%d% -%%H%%%d%:%%d% AM: "
000006 034 "%%d%/%%d%/%%d% -%%H%%%d%:%%d% PM: "
000001 069 ", type:%%HHH%, s:  %%d%, d: %%d%, ch:  %%d%, len: %%d%, data: %%DUMP%"
000001 069 ", type:%%HHH%, s: %%d%, d: %%d%, ch:  %%d%, len:  %%d%, data: %%DUMP%"
000043 192 "-INFO- Log%%d%Port%%d% Limiter-State: LostPackTgrSinceStart:%%d% PeekBufferSinceStart(log%%d%Port%%d%):%%d%% LostPackTgrCycle:%%d% PeekBufferCycle:%%d%% RecvBytesCycle:%%d% SendBytesCycle:%%d%"
000001 019 ":%%d%/O:%%d%/D:%%d%"
000003 127 "Ani: COsApi: IN, ch:%%d% cmd:%%d% TID:%%d% len:%%d% src:%%d%: dst:%%d% sTS:%%d% dTS:%%d% SN:%%d% SNref:%%d% (length:%%d%) data:"
1133881 134 "Ani: COsApi: IN, ch:%%d% cmd:%%d% TID:%%d% len:%%d% src:%%d%: dst:%%d% sTS:%%d% dTS:%%d% SN:%%d% SNref:%%d% (length:%%d%) data:%%DUMP%"
000003 128 "Ani: COsApi: OUT, ch:%%d% cmd:%%d% TID:%%d% len:%%d% src:%%d%: dst:%%d% sTS:%%d% dTS:%%d% SN:%%d% SNref:%%d% (length:%%d%) data:"
1178661 135 "Ani: COsApi: OUT, ch:%%d% cmd:%%d% TID:%%d% len:%%d% src:%%d%: dst:%%d% sTS:%%d% dTS:%%d% SN:%%d% SNref:%%d% (length:%%d%) data:%%DUMP%"
000001 038 "Ani: COsApi: send data to mbx:%%d% len"
000001 046 "Ani: COsApi: send data to mbx:%%d% length:%%d%"
000002 052 "Ani: COsApi: send data to mbx:%%d% length:%%d% data:"
1377536 059 "Ani: COsApi: send data to mbx:%%d% length:%%d% data:%%DUMP%"
1178664 088 "Ani: COsApi: sendData: destination:%%d%.%%d%.%%d%.%%d% port:%%d% length:%%d% handle:%%d%"
055344 036 "Ani: CRemoteChannel: LS in state eUp"
055821 036 "Ani: CRemoteChannel: UD in state eUp"
070302 044 "Ani: CRemoteChannel::userDataCmd in state up"
1378746 055 "Ani: CUnitMngrBase::getUnit unit:%%d% found at pos:%%d%"
000001 094 "Ani: Error CSynchroniser: freshness failure: due time:%%d%, localTime:%%d%, telegramTime:%%d% "
000145 039 "Ani: Warning timeout unit:%%d%, ch:%%d%"
1133884 059 "Ani: ch:%%d% COsApi::putIntoChannel handle:%%d% length:%%d%"
055828 058 "Ani: ch:%%d% IFCommPC: userdataInd to mxb:%%d% length:%%d%"
2594906 056 "Ani: dispatcher msg len:%%d% sender_code:%%HH% time:%%d%"
446616 040 "Ani: new cycle @%%d% last:%%d% diff:%%d%"
090241 048 "CDIstubs-Q%%d%TIME(Timer): con=%%d%, cycles=%%d%"
017296 071 "CDIstubs-Q%%d%TIMM(PDS): starting timer, mbx=%%d%, cycles=%%d%, ID=%%d%"
090241 061 "CDIstubs-recv: event timer ID %%d% on connection %%d% expired"
002589 079 "CDIstubs-recv: external mailbox message for pipe 'BAI_%%d%__R' received:%%DUMP%"
017296 077 "CDIstubs-recv: message timer on connection %%d%, mailbox %%d% expired:%%DUMP%"
090241 064 "CDIstubs-setEventTimer(Timer): starting timer, ID=%%d%, hnd=%%d%"
000003 018 "Dispatcher: time: "
000002 022 "Dispatcher: time: %%d%"
000002 086 "Dispatcher: time: %%d%, type:%%HHH%, s:  %%d%, d: %%d%, ch:  %%d%, len:   %%d%, data: "
596128 093 "Dispatcher: time: %%d%, type:%%HHH%, s:  %%d%, d: %%d%, ch:  %%d%, len:   %%d%, data: %%DUMP%"
114204 092 "Dispatcher: time: %%d%, type:%%HHH%, s:  %%d%, d: %%d%, ch:  %%d%, len:  %%d%, data: %%DUMP%"
000001 084 "Dispatcher: time: %%d%, type:%%HHH%, s:  %%d%, d: %%d%, ch:  %%d%, len: %%d%, data: "
1022267 091 "Dispatcher: time: %%d%, type:%%HHH%, s:  %%d%, d: %%d%, ch:  %%d%, len: %%d%, data: %%DUMP%"
000001 085 "Dispatcher: time: %%d%, type:%%HHH%, s: %%d%, d: %%d%, ch:  %%d%, len:   %%d%, data: "
863162 092 "Dispatcher: time: %%d%, type:%%HHH%, s: %%d%, d: %%d%, ch:  %%d%, len:   %%d%, data: %%DUMP%"
000004 084 "Dispatcher: time: %%d%, type:%%HHH%, s: %%d%, d: %%d%, ch:  %%d%, len:  %%d%, data: "
4156801 091 "Dispatcher: time: %%d%, type:%%HHH%, s: %%d%, d: %%d%, ch:  %%d%, len:  %%d%, data: %%DUMP%"
158378 090 "Dispatcher: time: %%d%, type:%%HHH%, s: %%d%, d: %%d%, ch:  %%d%, len: %%d%, data: %%DUMP%"
000002 036 "Dispatcher: to IFA ch:  %%d%, data: "
1207152 043 "Dispatcher: to IFA ch:  %%d%, data: %%DUMP%"
000001 143 "E_MAC%%H%Signal:%%d% trainPassedSignalPOP error, invalid train (radio loss/moved backwards?)!! seg:%%d% off:%%d% file:CDI_objects.cpp line:%%d%"
000001 092 "E_SEP%%H%<%%d%>LstLocTr::chkFVio: No front end in path. file:ListOfLocalTrains.cpp line:%%d%"
000001 095 "E_SEP%%H%Rev::crtRevArea: Signal %%d% without POP found under train file:Reversal.cpp line:%%d%"
000001 107 "E_SEP%%H%Rev::fillRevArea: At loc. S:%%d%/O:%%d% a not allowed points detected. file:Reversal.cpp line:%%d%"
000001 121 "E_SEP%%H%Rev::fillRevArea: At loc. S:%%d%/O:%%d% a not allowed points segment bndry detected. file:Reversal.cpp line:%%d%"
000462 058 "I_BAS%%H%# Build time of eob : Dec %%d% %%d%,%%H%%%d%:%%d%"
000462 058 "I_BAS%%H%# Current version   : WCU_ATP_%%d%.%%d%.%%d%.%%d%"
000462 038 "I_BAS%%H%# SRSignatur        : %%DUMP%"
000462 038 "I_BAS%%H%# XRSignatur        : %%DUMP%"
000924 080 "I_BAS%%H%#######################################################################"
514377 021 "I_BAS%%H%MSG_FROM_ANI"
543716 025 "I_BAS%%H%Send msg to ANI "
025992 026 "I_BAS%%H%Time of day: %%d%"
055439 017 "I_BAS%%H%do_Cycle"
020791 055 "I_LIF%%H%>>> ElementStatusIndication transmitted to CDI"
000114 047 "I_LIF%%H%>>> EventIndication transmitted to CDI"
391849 061 "I_LIF%%H%>>> MovementAuthority transmitted to OBCU, ID = %%d%"
055438 032 "I_LIF%%H%>>> On cycle: pinnng..."
000035 049 "I_LIF%%H%>>> Operation telegram received from CDI"
000035 052 "I_LIF%%H%>>> OperationAcknowledge transmitted to CDI"
075489 059 "I_LIF%%H%>>> OperationalData transmitted to OBCU, ID = %%d%"
458549 070 "I_LIF%%H%>>> PositionReport telegram received from OBCU; iVersion=%%d%"
000354 034 "I_LIF%%H%>>> Set TimeOfDay to %%d%"
055439 050 "I_LIF%%H%>>> StatusData telegram received from CDI"
055438 049 "I_LIF%%H%>>> StatusDataRequest transmitted to CDI"
000354 037 "I_LIF%%H%>>> TimeOfDay received: %%d%"
000008 072 "I_MAC%%H%  E-Zone:%%d%, actorID[%%d%]=%%d% restrictive=%%d% BoolVal=%%d%"
000007 072 "I_MAC%%H%  getSignalIdPOP sig=%%d% dir=%%d% type=%%d% ord=%%d% exit=%%d%"
000035 049 "I_MAC%%H%*** ATS command analization started! ***"
055439 049 "I_MAC%%H%*** SDT Arrived analization started! ***"
055439 042 "I_MAC%%H%*** SDT analization finished! ***"
000173 076 "I_MAC%%H%*** Sending Element Status Indication of element Crossing:%%d%. ***"
001057 081 "I_MAC%%H%*** Sending Element Status Indication of element PlatformTrack:%%d%. ***"
002814 073 "I_MAC%%H%*** Sending Element Status Indication of element Point:%%d%. ***"
003211 074 "I_MAC%%H%*** Sending Element Status Indication of element Signal:%%d%. ***"
013532 080 "I_MAC%%H%*** Sending Element Status Indication of element TrackSection:%%d%. ***"
000004 072 "I_MAC%%H%*** Sending Element Status Indication of element Zone:%%d%. ***"
000004 067 "I_MAC%%H%-- isPopOfSignal dest=%%d% type=%%d% at %%d%:%%d% dir=%%d%"
000004 034 "I_MAC%%H%-- isPopOfSignal ret=%%d%"
000035 038 "I_MAC%%H%Command accepted and handled."
000030 088 "I_MAC%%H%Command arrived to PlatformTrack type element with id:%%d% function number:%%d%"
000005 087 "I_MAC%%H%Command arrived to TrackSection type element with id:%%d% function number:%%d%"
000004 058 "I_MAC%%H%LTE timer start, pt=%%d%, t=%%d% %%d%:%%d% d=%%d%"
055438 017 "I_MAC%%H%On_Cycle"
001027 070 "I_MAC%%H%Platform:%%d% accessible:%%d%/%%d% stationDeparture:%%d%/%%d%"
000005 041 "I_MAC%%H%Set TSR command [NV]. speed:%%d%"
000947 076 "I_MAC%%H%Signal:%%d%  m_NoUTapproaching:%%d%->%%d% m_TrainStopped:%%d%->%%d%"
000437 047 "I_MAC%%H%Signal:%%d%  m_TrainStopped:%%d%->%%d%"
000868 066 "I_MAC%%H%Standstill detected, notify SEP; Signal:%%d% TrainID:%%d%"
1718578 048 "I_MAC%%H%calculateDriState: pf=%%d%, lower track"
1718578 048 "I_MAC%%H%calculateDriState: pf=%%d%, upper track"
1219636 112 "I_MAC%%H%calculatePlatformAccessible: pf=%%d%, lower track. TRA-State-Down=%%d%, AccStateDown=%%d%, AccDown=%%d%"
1219636 106 "I_MAC%%H%calculatePlatformAccessible: pf=%%d%, upper track. TRA-State-Up=%%d%, AccStateUp=%%d%, AccUp=%%d%"
000005 070 "I_MAC%%H%calculateSpeedLimit  MRS:%%d%  %%d% -> %%d%  v(a,l)=%%d%,%%d%"
001811 068 "I_MAC%%H%notify_AT_Approaching(signal=%%d%, appr=%%d%, trainID=%%d%)"
000004 054 "I_MAC%%H%notify_StopAssurance(signal=%%d%, train=%%d%)"
000437 064 "I_MAC%%H%notify_TrainStoppedAcknowledge(signal=%%d%, train=%%d%)"
1268862 066 "I_MAC%%H%pf:%%d% examine %%d%:%%d% .. +L=%%d%; traSt=%%d%; SS=%%d%"
000001 039 "I_MAC%%H%pf:%%d% examine %%d%:%%d%; tra"
449715 055 "I_MAC%%H%pf:%%d% examine %%d%:%%d%; traSt=%%d%; SS=%%d%"
000863 067 "I_MAC%%H%pf:%%d% state engine changed, eDepartureState:%%d% -> %%d%"
001833 070 "I_MAC%%H%pf:%%d% state engine changed, m_iAccessibleState:%%d% -> %%d%"
3437156 088 "I_MAC%%H%pfDriStateMachine(): bValid=%%d%, bCtcLevel=%%d%, iReversal=%%d%, ePfTraSt=%%d%"
3437156 057 "I_MAC%%H%pt=%%d%, iter=%%d%, newstate=%%d%, oldstate=%%d%"
000173 076 "I_MAC%%H%set_crossing_ATPVAC_and_TVD_Failure(id=%%d%, ATPVAC=%%d%, TVD=%%d%)"
002814 073 "I_MAC%%H%set_point_ATPVAC_and_TVD_Failure(id=%%d%, ATPVAC=%%d%, TVD=%%d%)"
013527 070 "I_MAC%%H%set_ts_ATPVAC_and_TVD_Failure(id=%%d%, ATPVAC=%%d%, TVD=%%d%)"
304913 049 "I_SEP%%H%   %%d%: S:   %%d% O:       %%d% D: %%d%"
003083 048 "I_SEP%%H%   %%d%: S:   %%d% O:      %%d% D: %%d%"
172847 047 "I_SEP%%H%   %%d%: S:   %%d% O:     %%d% D: %%d%"
491989 046 "I_SEP%%H%   %%d%: S:   %%d% O:    %%d% D: %%d%"
1272481 045 "I_SEP%%H%   %%d%: S:   %%d% O:   %%d% D: %%d%"
335480 044 "I_SEP%%H%   %%d%: S:   %%d% O:  %%d% D: %%d%"
394848 046 "I_SEP%%H% %%H% S:   %%d% O:       %%d% D: %%d%"
009042 045 "I_SEP%%H% %%H% S:   %%d% O:      %%d% D: %%d%"
198459 044 "I_SEP%%H% %%H% S:   %%d% O:     %%d% D: %%d%"
394324 043 "I_SEP%%H% %%H% S:   %%d% O:    %%d% D: %%d%"
714902 042 "I_SEP%%H% %%H% S:   %%d% O:   %%d% D: %%d%"
130950 041 "I_SEP%%H% %%H% S:   %%d% O:  %%d% D: %%d%"
377395 023 "I_SEP%%H% ExpPos.: %%d%"
377395 023 "I_SEP%%H% MinSFE.: %%d%"
377395 023 "I_SEP%%H% MinSRE.: %%d%"
377395 023 "I_SEP%%H% PathEnd: %%d%"
055438 030 "I_SEP%%H%-> Build and send WMA"
055439 030 "I_SEP%%H%-> Build and send WOD"
055439 031 "I_SEP%%H%-> Build and send WWHO"
055439 031 "I_SEP%%H%-> Build and send WWMA"
055439 031 "I_SEP%%H%-> Build and send WWOD"
055438 031 "I_SEP%%H%-> Check existing path"
055438 027 "I_SEP%%H%-> Check violation"
055439 032 "I_SEP%%H%-> Cleanup cycle values"
055438 035 "I_SEP%%H%-> Complete MA to the back"
055438 021 "I_SEP%%H%-> Eval. OPR"
055438 022 "I_SEP%%H%-> Eval. WWHO"
055438 022 "I_SEP%%H%-> Eval. WWMA"
055438 021 "I_SEP%%H%-> Expand MA"
055438 020 "I_SEP%%H%-> Gen. MAL"
055438 029 "I_SEP%%H%-> Init cycle values"
055438 034 "I_SEP%%H%-> Process list of trains"
055438 024 "I_SEP%%H%-> Upd. AT-Appr"
055438 020 "I_SEP%%H%-> Upd. DDI"
055438 039 "I_SEP%%H%-> Update list of local trains"
055438 034 "I_SEP%%H%-> shorten MA from behind"
198995 039 "I_SEP%%H%<%%d%>: CMA::bldMA: MinPL only"
014454 056 "I_SEP%%H%<%%d%>LstLclTr::bldSndWod: undef. MAL -> No WOD"
014454 068 "I_SEP%%H%<%%d%>LstLclTr::evalOpr: undef. MAL -> No evaluation of OPR"
377393 058 "I_SEP%%H%<%%d%>LstLclTr::expMa: Handover stop (if active)."
014454 050 "I_SEP%%H%<%%d%>LstLclTr::expMa: No exp. performed."
082404 054 "I_SEP%%H%<%%d%>LstLclTr::expMa: Z-MAL during expansion"
000879 085 "I_SEP%%H%<%%d%>LstLclTr::genMa: MAL len. for non-CTC train < min. value %%d% -> Z-MAL"
002058 046 "I_SEP%%H%<%%d%>LstLclTr::genMa: Z-MAL detected"
014454 063 "I_SEP%%H%<%%d%>LstLclTr::genMa: undef. MAL -> gen. MAL not done"
000081 048 "I_SEP%%H%<%%d%>MA::ChkTanInc: TAN inc. detected."
377394 049 "I_SEP%%H%<%%d%>MA::bldMaTel: Chk path consistency"
377395 063 "I_SEP%%H%<%%d%>MA::bldMaTel: MAL: T:%%d%/S:%%d%/O:%%d%/Sig:%%d%"
000731 056 "I_SEP%%H%<%%d%>MA::bldMaTel: Sig:%%d%: Aspect=SA_STOP_OS"
081954 044 "I_SEP%%H%<%%d%>MA::bldMaTel: V_MAL overrule!"
000860 058 "I_SEP%%H%<%%d%>MA::chkAtApp: at_app.(yes) gone -> TAN inc."
002993 046 "I_SEP%%H%<%%d%>MA::chkExP: New Cor -> TAN inc."
000745 049 "I_SEP%%H%<%%d%>MA::chkExP: New restr. -> TAN inc."
000071 041 "I_SEP%%H%<%%d%>MA::chkExP: Rev. finished."
001651 066 "I_SEP%%H%<%%d%>MA::doTanHndl: Rec. W-TAN <> own W-TAN -> lock exp."
000007 051 "I_SEP%%H%<%%d%>MA::evalOpr: OBCU-MAL-type detected."
000007 041 "I_SEP%%H%<%%d%>MA::evalOpr: W-TAN aligned"
2525662 053 "I_SEP%%H%<%%d%>MA::expMA: Chk. TRA-Map. S:%%d%/O:%%d%"
377393 034 "I_SEP%%H%<%%d%>MA::expMA: Finished"
023382 053 "I_SEP%%H%<%%d%>MA::expMA: MA-Restr.ign. S:%%d%/O:%%d%"
004636 053 "I_SEP%%H%<%%d%>MA::expMA: MAL %%d% will be used again"
377393 044 "I_SEP%%H%<%%d%>MA::expMA: Main loop finished"
002497 048 "I_SEP%%H%<%%d%>MA::expMA: No rev.-SP -> Shrt.MAL"
000166 054 "I_SEP%%H%<%%d%>MA::expMA: OP sig:%%d% will be verified"
022696 072 "I_SEP%%H%<%%d%>MA::expMA: Obst. found (TRA-loc. >= TDB-loc.) -> finished"
000190 056 "I_SEP%%H%<%%d%>MA::expMA: Obst.-MAL replaced by occ.-MAL"
079907 056 "I_SEP%%H%<%%d%>MA::expMA: Rev.-sig. not adm. -> Shrt.MAL"
1538956 058 "I_SEP%%H%<%%d%>MA::expMA: SM:Obst/St:%%d% at S:%%d%/O:%%d%"
021066 057 "I_SEP%%H%<%%d%>MA::expMA: SM:Occ/St:%%d% at S:%%d%/O:%%d%"
000700 054 "I_SEP%%H%<%%d%>MA::expMA: SP sig:%%d% will be verified"
377393 045 "I_SEP%%H%<%%d%>MA::expMA: Start S:%%d%/O:%%d%"
007783 057 "I_SEP%%H%<%%d%>MA::expMA: TRA_OA of Tr:%%d% S:%%d%/O:%%d%"
000402 057 "I_SEP%%H%<%%d%>MA::expMA: TRA_ON of Tr:%%d% S:%%d%/O:%%d%"
001053 046 "I_SEP%%H%<%%d%>MA::expMA: TRA_OT S:%%d%/O:%%d%"
007499 044 "I_SEP%%H%<%%d%>MA::expMA: VMAL S:%%d%/O:%%d%"
377393 038 "I_SEP%%H%<%%d%>MA::expMA: bDNtAdv:%%d%"
291771 026 "I_SEP%%H%<%%d%>MA::genVMa:"
000006 041 "I_SEP%%H%<%%d%>MA::getTrShrtAct: disabled"
000088 073 "I_SEP%%H%<%%d%>MA::hdlTrStp: Sig.%%d%: Ovlp no longer set -> reset state."
000088 049 "I_SEP%%H%<%%d%>MA::hndlTrStp: Sig:%%d%: Ack. sent"
000088 060 "I_SEP%%H%<%%d%>MA::hndlTrStp: Sig:%%d%: Notific. State reset"
000088 055 "I_SEP%%H%<%%d%>MA::hndlTrStp: Sig:%%d%: Start (TAN-Inc)"
244079 050 "I_SEP%%H%<%%d%>MA::hndlTrStp: Sig:%%d%: State:%%d%"
001832 042 "I_SEP%%H%<%%d%>MA::incWTan: New value:%%d%"
019016 035 "I_SEP%%H%<%%d%>MA::restrRrP: T:%%d%"
636829 060 "I_SEP%%H%<%%d%>MA::setVMalVar: T:%%d%/Sig:%%d%/S:%%d%/O:%%d%"
000007 046 "I_SEP%%H%<%%d%>MA::shortToTelML: New Type:%%d%"
173281 072 "I_SEP%%H%<%%d%>MA_expMA: Exp.-pos. corrected to sig.-pos.: S:%%d%/O:%%d%"
000032 063 "I_SEP%%H%<%%d%>SepM::freeTr: loc. train not in LOT -> released."
000034 046 "I_SEP%%H%<%%d%>SepM::procLot: Train is new loc"
004542 062 "I_SEP%%H%<%%d%>SepM::updLstLocTr: Front is susp. -> undef. MAL"
009912 065 "I_SEP%%H%<%%d%>SepM::updLstLocTr: Inval. MSRE state -> undef. MAL"
003201 082 "I_SEP%%H%<%%d%>SepM::updLstLocTr: Loc. train had restr. start-path -> cleanup path"
000051 064 "I_SEP%%H%<%%d%>SepM::updLstLocTr: Loc. train has new undef. MAL."
000027 068 "I_SEP%%H%<%%d%>SepM::updLstLocTr: Loc. train has no more undef. MAL."
003176 079 "I_SEP%%H%<%%d%>SepM::updLstLocTr: Loc. train has restr. in start path -> Z-MAL."
000028 073 "I_SEP%%H%<%%d%>SepM::updLstLocTr: Loc. train no longer automatic -> Z-MAL"
000210 072 "I_SEP%%H%<%%d%>SepM::updLstLocTr: No CTC terr. at rear end -> undef. MAL"
001043 061 "I_SEP%%H%<%%d%>SepM::updLstLocTr: OPM_CM active -> undef. MAL"
391847 039 "I_SEP%%H%<%%d%>SepM::updLstLocTr: START"
009912 065 "I_SEP%%H%<%%d%>SepM::updLstLocTr: Train not tracked -> undef. MAL"
000006 070 "I_SEP%%H%<%%d%>SepM::updLstLocTr: Unable to create rev. path -> Z-MAL."
000084 060 "I_SEP%%H%<%%d%>SepM::updLstLocTr: rev. mechanism activ: %%d%"
173993 044 "I_SEP%%H%<%%d%>locTr::cZM: set Z-MAL w. path"
003814 073 "I_SEP%%H%<%%d%>locTr::cclAtAppAlSig: no standstill -> AtApproach('lock')."
005996 068 "I_SEP%%H%<%%d%>locTr::cclAtAppAlSig: standstill -> AtApproach('no')."
000004 043 "I_SEP%%H%<%%d%>locTr::compPos: SFCT-CM Left"
000026 035 "I_SEP%%H%<%%d%>locTr::compPos: SFST"
181195 046 "I_SEP%%H%<%%d%>locTr::compPos: Tr. moved forw."
000318 043 "I_SEP%%H%<%%d%>locTr::compPos: moved backw."
195795 045 "I_SEP%%H%<%%d%>locTr::compPos: pos. unchanged"
000047 055 "I_SEP%%H%<%%d%>locTr::compPos: rev. dir. - inside path."
000007 056 "I_SEP%%H%<%%d%>locTr::compPos: rev. dir. - outside path."
009912 055 "I_SEP%%H%<%%d%>locTr::updMSREst: not tracked -> invalid"
000030 045 "I_SEP%%H%<%%d%>locTr::updMSREst: now CTC terr"
000046 053 "I_SEP%%H%<%%d%>updMSREst::updMSREst: Susp. mark gone."
000013 054 "I_SEP%%H%<%%d%>updMSREst::updMSREst: now non-CTC terr."
000046 051 "I_SEP%%H%<%%d%>updMSREst::updMSREst: now susp. mark"
000079 052 "I_SEP%%H%<%%d%>updMSREst::updSSt: now no susp. mark."
000028 061 "I_SEP%%H%<%%d%SepM::updLstLocTr: Sig. at_app. states updated."
133567 077 "I_SEP%%H%CElChk::vMaTpPPos: Max. path length overstepped -> VM_OTHER_IXL_COND"
000001 054 "I_SEP%%H%CMA_PathPosBuffer::advanceToNextPathChange: S"
332956 073 "I_SEP%%H%CMA_PathPosBuffer::advanceToNextPathChange: S:%%d%/O:%%d%/D:%%d%"
000774 061 "I_SEP%%H%CPEval::SFCTMet: Advance dist. %%d% at S:%%d%/O:%%d%"
391852 034 "I_SEP%%H%CoR::oStat: A:%%d% U:%%d%"
040802 050 "I_SEP%%H%Cor::sCoR: New CoR added: Tp:%%d% Id:%%d%"
000237 056 "I_SEP%%H%CorEl: Tp:%%d%/Id:%%d% not in WMA - SUP passed."
025639 073 "I_SEP%%H%CorEl: Tp:%%d%/Id:%%d% not in WMA - ahead of till-here-location."
000003 081 "I_SEP%%H%CorEl::tr: SV: S:  %%d%/O:    %%d%  POP: S:   %%d%/O:     %%d%  Tp: %%d%"
000003 076 "I_SEP%%H%CorEl::tr: SV: S:  %%d%/O:    %%d%  POP: S:   %%d%/O:%%d%  Tp: %%d%"
000009 080 "I_SEP%%H%CorEl::tr: SV: S:  %%d%/O:   %%d%  POP: S:   %%d%/O:     %%d%  Tp: %%d%"
000012 075 "I_SEP%%H%CorEl::tr: SV: S:  %%d%/O:   %%d%  POP: S:   %%d%/O:%%d%  Tp: %%d%"
001488 079 "I_SEP%%H%CorEl::tr: SV: S:  %%d%/O:  %%d%  POP: S:   %%d%/O:     %%d%  Tp: %%d%"
000009 078 "I_SEP%%H%CorEl::tr: SV: S:  %%d%/O:  %%d%  POP: S:   %%d%/O:    %%d%  Tp: %%d%"
000779 077 "I_SEP%%H%CorEl::tr: SV: S:  %%d%/O:  %%d%  POP: S:   %%d%/O:   %%d%  Tp: %%d%"
021916 076 "I_SEP%%H%CorEl::tr: SV: S:  %%d%/O:  %%d%  POP: S:   %%d%/O:  %%d%  Tp: %%d%"
000066 074 "I_SEP%%H%CorEl::tr: SV: S:  %%d%/O:  %%d%  POP: S:   %%d%/O:%%d%  Tp: %%d%"
000159 075 "I_SEP%%H%CorEl::tr: SV: S:  %%d%/O: %%d%  POP: S:   %%d%/O:  %%d%  Tp: %%d%"
039708 074 "I_SEP%%H%CorEl::tr: SV: S:  %%d%/O: %%d%  POP: S:   %%d%/O: %%d%  Tp: %%d%"
000078 073 "I_SEP%%H%CorEl::tr: SV: S:  %%d%/O:%%d%  POP: S:   %%d%/O: %%d%  Tp: %%d%"
010820 072 "I_SEP%%H%CorEl::tr: SV: S:  %%d%/O:%%d%  POP: S:   %%d%/O:%%d%  Tp: %%d%"
067777 070 "I_SEP%%H%CorEl::updCrAtPos: Add CoR: Tp:%%d%/Id:%%d% to S:%%d%/O:%%d%:"
332385 047 "I_SEP%%H%CorLG::chkLG: Chk CoR: Tp:%%d%/Id:%%d%"
440365 065 "I_SEP%%H%CorLG::fVioExt: Chk flnk: S:%%d%/O:%%d%/D:%%d%/Dist:%%d%"
097237 061 "I_SEP%%H%CorLG::fVioExt: Conv. pt found: S:%%d%/O:%%d%/D:%%d%"
001089 070 "I_SEP%%H%CorLG::fVioExt: EoT or WCU bound. found: S:%%d%/O:%%d%/D:%%d%"
014463 060 "I_SEP%%H%CorLG::fVioExt: Opp. SP found: S:%%d%/O:%%d%/D:%%d%"
001563 065 "I_SEP%%H%CorLG::fVioExt: TRA-state at S:%%d%/O:%%d%/D:%%d% = %%d%"
001304 055 "I_SEP%%H%CorLG::fVioExt: TRA_OT ignored. AT on same TVS"
000830 050 "I_SEP%%H%CorLG::fVioExt: TVS to COR_WMA list: %%d%"
001967 053 "I_SEP%%H%CorLG::fVioExt: VMAL at S:%%d%/O:%%d%/D:%%d%"
000237 075 "I_SEP%%H%CorTS::gtShrtDist: Sup.-loc. (corrected) passed (Tp:%%d%/Id:%%d%)."
666920 067 "I_SEP%%H%LstWcuBndry::selWcuBndry: Bndry. not found - S:%%d%/O:%%d%"
377394 039 "I_SEP%%H%MaPPB::chkPathCons: consistent"
280078 041 "I_SEP%%H%MaPPB::delUnimpPP: S:%%d%/O:%%d%"
289713 049 "I_SEP%%H%NvMalGen::chkNvCCB: T:%%d%/S:%%d%/O:%%d%"
289713 048 "I_SEP%%H%NvMalGen::chkNvPA: T:%%d%/S:%%d%/O:%%d%"
289713 049 "I_SEP%%H%NvMalGen::chkNvSTS: T:%%d%/S:%%d%/O:%%d%"
039899 036 "I_SEP%%H%NvMalGen::chkNvmPA: Id:%%d%"
243618 031 "I_SEP%%H%PC::add: S:%%d%/T:%%d%"
243624 031 "I_SEP%%H%PC::del: S:%%d%/T:%%d%"
2898332 046 "I_SEP%%H%PC::gNRO: S:%%d%/O:%%d%/D:%%d%->%%d% "
6863982 050 "I_SEP%%H%PC::gTIdO: S:%%d%/O:%%d% -> R:%%d%/T:%%d%"
1562518 038 "I_SEP%%H%PEva::complPPE: S:%%d%/O:%%d%"
008403 074 "I_SEP%%H%PEva::getPltfStP: Can not determine platform entry stopping point"
000731 034 "I_SEP%%H%PEva::isOvlpUs: OP found."
011476 037 "I_SEP%%H%PEva::isOvlpUs: OP not found"
000020 041 "I_SEP%%H%PEva::isOvlpUs: Restr. detected."
000030 051 "I_SEP%%H%PEva::posInFrnt: Pos. equal or behind MSFE"
003970 044 "I_SEP%%H%PEva::posInFrnt: Pos. in front MSFE"
000007 062 "I_SEP%%H%PEva::shortMa: Del. path from S:%%d%/O:%%d% till end."
000213 078 "I_SEP%%H%PEva::tdbAdv: Inv. or inconsistent point pos. path: %%d% or CDI %%d%."
165487 057 "I_SEP%%H%PEva::updtOF: Update S:%%d%/O:%%d% to value %%d%"
000298 043 "I_SEP%%H%Rev::addLteRevArea: Id:%%d%/T:%%d%"
000006 031 "I_SEP%%H%Rev::crtRevArea: ERROR"
000078 057 "I_SEP%%H%Rev::fillRevArea: Rev. SP %%d% found -> finished"
000078 048 "I_SEP%%H%Rev::fillRevArea: Rev. sig. %%d% found."
055438 027 "I_SEP%%H%SepM::OnCyc: START"
000868 036 "I_SEP%%H%SepM::hdlTrStp:%%d%/Tr:%%d%"
013741 068 "I_SEP%%H%TraMapEval::setNxtTrSp: Next train (%%d%) speed set to %%d%"
000024 084 "I_SEP%%H%VMalGen::chkSigMal: MAL 'VM_SIG_NO_OS_CTC' reset. Limit within short. dist."
000213 077 "I_SEP%%H%VMalGen::chkSigMal: MAL 'VM_SIG_OS_CTC' reset. Limit within overlap."
057151 051 "I_SEP%%H%VMalGen::genVMal: Bumper POP at path limit"
000011 071 "I_SEP%%H%VMalGen::genVMal: CBB violated -> No short. dist. for CBB set."
092129 062 "I_SEP%%H%VMalGen::genVMal: Limit-Type %%d% at path limit found"
291771 061 "I_SEP%%H%VMalGen::genVMal: Next limit: T:%%d%/S:%%d%/O.: %%d%"
291771 071 "I_SEP%%H%VMalGen::genVMal: rem. short. Dist:%%d%/limit under train:%%d%"
002115 069 "I_SEP%%H%VMalGen::getDist.Cbb: Occ. TVS by NRT detected S:%%d%/O:%%d%"
060001 082 "I_SEP%%H%VMalGen::getDistCbb: EOT or BP detected -> no TVS found -> no CBB needed."
002104 055 "I_SEP%%H%VMalGen::getTvsBackDist: Backw. TVS dist:%%d%."
000011 081 "I_SEP%%H%VMalGen::getTvsBackdist: Path left or MSFE found -> max. dist. returned."
007630 077 "I_SEP%%H%VMalGen::redMal: El. T:%%d%/Id:%%d% is restr. at loc. S:%%d%/O:%%d%."
007630 078 "I_SEP%%H%VMalGen::redMal: Restr. Sig:%%d% already defines MAL -> no add. work."
000042 036 "I_SEP%%H%maPE::admLost: TRUE Id:%%d%"
042424 049 "I_SEP%%H%maPE::chkPntDat: RESTR. El:%%d%/Lvl:%%d%"
184221 049 "I_SEP%%H%maPE::chkSigDat: RESTR. El:%%d%/Lvl:%%d%"
118606 048 "I_SEP%%H%maPE::chkTSDat: RESTR. El:%%d%/Lvl:%%d%"
000008 036 "I_SEP%%H%maPE::dirChng: TRUE Id:%%d%"
159076 036 "I_SEP%%H%maPE::dirColl: TRUE Id:%%d%"
000012 041 "I_SEP%%H%maPE::flnkProtLost: TRUE Id:%%d%"
000536 041 "I_SEP%%H%maPE::overlSupLost: TRUE Id:%%d%"
001438 041 "I_SEP%%H%maPE::sigAspMbLost: TRUE Id:%%d%"
403270 047 "I_SEP%%H%maPE::stInst: El:%%d% in revers. state"
003380 039 "I_SEP%%H%maPE::supPosColl: TRUE Id:%%d%"
165487 074 "I_SEP%%H%maPE::updOvlpFlg: Upd. overlp. flg. El:%%d%/Id:%%d% to value:%%d%"
000021 042 "I_TRA%%H%ACTDELETES %%d%'%%d%'%%d%        "
662806 031 "I_TRA%%H%ACTREP id=%%d%        "
2496311 031 "I_TRA%%H%ACTREV id=%%d%        "
777837 035 "I_TRA%%H%ACTREV%%d% id=%%d%        "
1334591 032 "I_TRA%%H%ACTSTOP id=%%d%        "
039037 041 "I_TRA%%H%ACTSTORES %%d%'%%d%'%%d%        "
910585 033 "I_TRA%%H%ACTYIELD id=%%d%        "
000029 050 "I_TRA%%H%ADDTRAIN %%d%, %%d%, (%%d%, %%d%)        "
000001 062 "I_TRA%%H%ADDTRAIN %%d%, %%d%, (%%d%, %%d%, %%d%, %%d%)        "
000056 050 "I_TRA%%H%CHGTRAIN %%d%, %%d%, (%%d%, %%d%)        "
000001 062 "I_TRA%%H%CHGTRAIN %%d%, %%d%, (%%d%, %%d%, %%d%, %%d%)        "
039111 067 "I_TRA%%H%CTiS create: id=%%d%'%%d%'%%d%, tvs=%%d%, lte=%%d%        "
000053 048 "I_TRA%%H%DELETES %%d%'%%d%'%%d% tvs=%%d%        "
000028 050 "I_TRA%%H%DELTRAIN %%d%, %%d%, (%%d%, %%d%)        "
010380 093 "I_TRA%%H%Disregard position report from train: %%d%, reason: localisation not secure.        "
509351 027 "I_TRA%%H%EXEC begin        "
509351 030 "I_TRA%%H%EXEC complete        "
216530 068 "I_TRA%%H%JOIN CTi %%d%'%%d%'%%d% and %%d%'%%d%'%%d%, cOriNeg        "
216471 068 "I_TRA%%H%JOIN CTi %%d%'%%d%'%%d% and %%d%'%%d%'%%d%, cOriPos        "
000026 073 "I_TRA%%H%LAUNCH id=%%d%, state=%%d%, curTi=%%d%'%%d%'%%d% cOriNeg        "
661862 125 "I_TRA%%H%LAUNCH id=%%d%, state=%%d%, curTi=%%d%'%%d%'%%d% cOriNeg, trainId=%%d%, xf=%%d%'%%d%'%%d%, xr=%%d%'%%d%'%%d%        "
007659 073 "I_TRA%%H%LAUNCH id=%%d%, state=%%d%, curTi=%%d%'%%d%'%%d% cOriPos        "
659155 125 "I_TRA%%H%LAUNCH id=%%d%, state=%%d%, curTi=%%d%'%%d%'%%d% cOriPos, trainId=%%d%, xf=%%d%'%%d%'%%d%, xr=%%d%'%%d%'%%d%        "
000083 039 "I_TRA%%H%LTESTATE cr=%%d% CL:OK        "
000081 040 "I_TRA%%H%LTESTATE cr=%%d% OAT:OK        "
000009 041 "I_TRA%%H%LTESTATE cr=%%d% ONAT:OK        "
001352 039 "I_TRA%%H%LTESTATE pt=%%d% CL:OK        "
001330 040 "I_TRA%%H%LTESTATE pt=%%d% OAT:OK        "
000132 041 "I_TRA%%H%LTESTATE pt=%%d% ONAT:OK        "
006437 039 "I_TRA%%H%LTESTATE ts=%%d% CL:OK        "
006276 040 "I_TRA%%H%LTESTATE ts=%%d% OAT:OK        "
000011 039 "I_TRA%%H%LTESTATE ts=%%d% OD:OK        "
000803 041 "I_TRA%%H%LTESTATE ts=%%d% ONAT:OK        "
000175 050 "I_TRA%%H%POINTRAWPOS pt=%%d% pos=POS_MINUS        "
000175 049 "I_TRA%%H%POINTRAWPOS pt=%%d% pos=POS_PLUS        "
000350 050 "I_TRA%%H%POINTRAWPOS pt=%%d% pos=POS_UNDEF        "
2824654 050 "I_TRA%%H%SETTRST ti=%%d%'%%d%'%%d%, CA->CA        "
000198 050 "I_TRA%%H%SETTRST ti=%%d%'%%d%'%%d%, CA->CN        "
009002 050 "I_TRA%%H%SETTRST ti=%%d%'%%d%'%%d%, CA->CR        "
209245 050 "I_TRA%%H%SETTRST ti=%%d%'%%d%'%%d%, CA->OA        "
000002 050 "I_TRA%%H%SETTRST ti=%%d%'%%d%'%%d%, CA->OC        "
000081 050 "I_TRA%%H%SETTRST ti=%%d%'%%d%'%%d%, CN->CA        "
090509 050 "I_TRA%%H%SETTRST ti=%%d%'%%d%'%%d%, CN->CN        "
000234 050 "I_TRA%%H%SETTRST ti=%%d%'%%d%'%%d%, CN->CR        "
000003 050 "I_TRA%%H%SETTRST ti=%%d%'%%d%'%%d%, CN->OA        "
000188 050 "I_TRA%%H%SETTRST ti=%%d%'%%d%'%%d%, CN->OC        "
004355 050 "I_TRA%%H%SETTRST ti=%%d%'%%d%'%%d%, CN->ON        "
000022 050 "I_TRA%%H%SETTRST ti=%%d%'%%d%'%%d%, CN->OT        "
008730 050 "I_TRA%%H%SETTRST ti=%%d%'%%d%'%%d%, CR->CA        "
000067 050 "I_TRA%%H%SETTRST ti=%%d%'%%d%'%%d%, CR->CN        "
006142 050 "I_TRA%%H%SETTRST ti=%%d%'%%d%'%%d%, CR->OA        "
000001 050 "I_TRA%%H%SETTRST ti=%%d%'%%d%'%%d%, CR->OC        "
000168 050 "I_TRA%%H%SETTRST ti=%%d%'%%d%'%%d%, CR->ON        "
000012 050 "I_TRA%%H%SETTRST ti=%%d%'%%d%'%%d%, CR->OT        "
000849 050 "I_TRA%%H%SETTRST ti=%%d%'%%d%'%%d%, CT->CA        "
000049 050 "I_TRA%%H%SETTRST ti=%%d%'%%d%'%%d%, CT->CN        "
000711 050 "I_TRA%%H%SETTRST ti=%%d%'%%d%'%%d%, CT->OA        "
000015 050 "I_TRA%%H%SETTRST ti=%%d%'%%d%'%%d%, CT->OC        "
000101 050 "I_TRA%%H%SETTRST ti=%%d%'%%d%'%%d%, CT->ON        "
019894 050 "I_TRA%%H%SETTRST ti=%%d%'%%d%'%%d%, CT->OT        "
202205 050 "I_TRA%%H%SETTRST ti=%%d%'%%d%'%%d%, OA->CA        "
000002 050 "I_TRA%%H%SETTRST ti=%%d%'%%d%'%%d%, OA->CN        "
000356 050 "I_TRA%%H%SETTRST ti=%%d%'%%d%'%%d%, OA->CR        "
018698 050 "I_TRA%%H%SETTRST ti=%%d%'%%d%'%%d%, OA->CT        "
1373557 050 "I_TRA%%H%SETTRST ti=%%d%'%%d%'%%d%, OA->OA        "
000012 050 "I_TRA%%H%SETTRST ti=%%d%'%%d%'%%d%, OA->OC        "
000036 050 "I_TRA%%H%SETTRST ti=%%d%'%%d%'%%d%, OA->ON        "
000894 050 "I_TRA%%H%SETTRST ti=%%d%'%%d%'%%d%, OA->OT        "
000001 050 "I_TRA%%H%SETTRST ti=%%d%'%%d%'%%d%, OC->CA        "
000397 050 "I_TRA%%H%SETTRST ti=%%d%'%%d%'%%d%, OC->CN        "
000022 050 "I_TRA%%H%SETTRST ti=%%d%'%%d%'%%d%, OC->CR        "
000002 050 "I_TRA%%H%SETTRST ti=%%d%'%%d%'%%d%, OC->CT        "
005900 050 "I_TRA%%H%SETTRST ti=%%d%'%%d%'%%d%, OC->OC        "
000012 050 "I_TRA%%H%SETTRST ti=%%d%'%%d%'%%d%, OC->ON        "
000001 050 "I_TRA%%H%SETTRST ti=%%d%'%%d%'%%d%, ON->CA        "
006417 050 "I_TRA%%H%SETTRST ti=%%d%'%%d%'%%d%, ON->CN        "
000031 050 "I_TRA%%H%SETTRST ti=%%d%'%%d%'%%d%, ON->CR        "
001132 050 "I_TRA%%H%SETTRST ti=%%d%'%%d%'%%d%, ON->CT        "
000063 050 "I_TRA%%H%SETTRST ti=%%d%'%%d%'%%d%, ON->OA        "
000008 050 "I_TRA%%H%SETTRST ti=%%d%'%%d%'%%d%, ON->OC        "
047990 050 "I_TRA%%H%SETTRST ti=%%d%'%%d%'%%d%, ON->ON        "
000099 050 "I_TRA%%H%SETTRST ti=%%d%'%%d%'%%d%, ON->OT        "
000020 050 "I_TRA%%H%SETTRST ti=%%d%'%%d%'%%d%, OT->CA        "
000038 050 "I_TRA%%H%SETTRST ti=%%d%'%%d%'%%d%, OT->CN        "
000946 050 "I_TRA%%H%SETTRST ti=%%d%'%%d%'%%d%, OT->CT        "
000021 050 "I_TRA%%H%SETTRST ti=%%d%'%%d%'%%d%, OT->OA        "
000186 050 "I_TRA%%H%SETTRST ti=%%d%'%%d%'%%d%, OT->OC        "
002974 050 "I_TRA%%H%SETTRST ti=%%d%'%%d%'%%d%, OT->ON        "
022314 048 "I_TRA%%H%SETTRST ti=%%d%'%%d%'%%d%, S->S        "
218769 058 "I_TRA%%H%SPLIT CTi %%d%'%%d%'%%d% at %%d%, cOriNeg        "
214235 058 "I_TRA%%H%SPLIT CTi %%d%'%%d%'%%d% at %%d%, cOriPos        "
000016 048 "I_TRA%%H%SPP id=%%d%, position=POS_MINUS        "
000020 047 "I_TRA%%H%SPP id=%%d%, position=POS_PLUS        "
000001 063 "I_TRA%%H%STEP id=%%d%, state=%%d%, curTi=%%d%'%%d%'%%d% cOriNeg"
000001 088 "I_TRA%%H%STEP id=%%d%, state=%%d%, curTi=%%d%'%%d%'%%d% cOriNeg len=%%d% sign=%%d%      "
2899128 090 "I_TRA%%H%STEP id=%%d%, state=%%d%, curTi=%%d%'%%d%'%%d% cOriNeg len=%%d% sign=%%d%        "
2817371 091 "I_TRA%%H%STEP id=%%d%, state=%%d%, curTi=%%d%'%%d%'%%d% cOriNeg len=%%d% sign=-%%d%        "
1904382 091 "I_TRA%%H%STEP id=%%d%, state=%%d%, curTi=%%d%'%%d%'%%d% cOriNeg len=-%%d% sign=%%d%        "
1099450 092 "I_TRA%%H%STEP id=%%d%, state=%%d%, curTi=%%d%'%%d%'%%d% cOriNeg len=-%%d% sign=-%%d%        "
2757091 090 "I_TRA%%H%STEP id=%%d%, state=%%d%, curTi=%%d%'%%d%'%%d% cOriPos len=%%d% sign=%%d%        "
2915261 091 "I_TRA%%H%STEP id=%%d%, state=%%d%, curTi=%%d%'%%d%'%%d% cOriPos len=%%d% sign=-%%d%        "
1944835 091 "I_TRA%%H%STEP id=%%d%, state=%%d%, curTi=%%d%'%%d%'%%d% cOriPos len=-%%d% sign=%%d%        "
971197 092 "I_TRA%%H%STEP id=%%d%, state=%%d%, curTi=%%d%'%%d%'%%d% cOriPos len=-%%d% sign=-%%d%        "
000133 054 "I_TRA%%H%SUS_GEO_COND %%d%'%%d%'%%d%, tvs=%%d%        "
000080 040 "I_TRA%%H%SUS_IDLE %%d%'%%d%'%%d%        "
000056 042 "I_TRA%%H%SUS_PROVEN %%d%'%%d%'%%d%        "
002473 048 "I_TRA%%H%TVSPHYVAC tvs=%%d% phyVac=Clear        "
002473 051 "I_TRA%%H%TVSPHYVAC tvs=%%d% phyVac=Occupied        "
000114 072 "I_TRA%%H%T_msg_WCU_CDI_EventIndication telegram was sent to LIF.        "
003103 073 "I_TRA%%H%isAtLocatedOnTvs: Freshness=%%d%, isAt=%%d%, isLock=%%d%        "
000049 060 "I_TRA%%H%isAtLocatedOnTvs: LastTvs=%%d%, LastOa=%%d%        "
000114 048 "I_TRA%%H%spp id=%%d%, position=POS_MINUS        "
000111 047 "I_TRA%%H%spp id=%%d%, position=POS_PLUS        "
596130 086 "Input: Cycle %%HH% %%d% @%%d%:  %%d%*   %%d%*   %%d%*   %%d%*   %%d%*   %%d%*   %%d%* "
000108 120 "Input: End   @%%d%       %%d%   %%d%   %%d%   %%d%   %%d%   %%d%   %%d%  %%d% (SoffSon/sXR+App+sWL+base+dly+out=SoffSon)"
057411 119 "Input: End   @%%d%       %%d%   %%d%   %%d%   %%d%   %%d%  %%d%   %%d%  %%d% (SoffSon/sXR+App+sWL+base+dly+out=SoffSon)"
000015 119 "Input: End   @%%d%       %%d%   %%d%   %%d%   %%d%  %%d%   %%d%   %%d%  %%d% (SoffSon/sXR+App+sWL+base+dly+out=SoffSon)"
000010 118 "Input: End   @%%d%       %%d%   %%d%   %%d%   %%d%  %%d%  %%d%   %%d%  %%d% (SoffSon/sXR+App+sWL+base+dly+out=SoffSon)"
005266 119 "Input: End   @%%d%       %%d%   %%d%   %%d%  %%d%   %%d%   %%d%   %%d%  %%d% (SoffSon/sXR+App+sWL+base+dly+out=SoffSon)"
000003 118 "Input: End   @%%d%       %%d%   %%d%   %%d%  %%d%  %%d%   %%d%   %%d%  %%d% (SoffSon/sXR+App+sWL+base+dly+out=SoffSon)"
000003 119 "Input: End   @%%d%       %%d%   %%d%  %%d%   %%d%   %%d%   %%d%   %%d%  %%d% (SoffSon/sXR+App+sWL+base+dly+out=SoffSon)"
000030 118 "Input: End   @%%d%       %%d%   %%d%  %%d%  %%d%   %%d%   %%d%   %%d%  %%d% (SoffSon/sXR+App+sWL+base+dly+out=SoffSon)"
000002 119 "Input: End   @%%d%       %%d%  %%d%   %%d%   %%d%   %%d%   %%d%   %%d%  %%d% (SoffSon/sXR+App+sWL+base+dly+out=SoffSon)"
001140 119 "Input: End   @%%d%      %%d%   %%d%   %%d%   %%d%   %%d%   %%d%   %%d%  %%d% (SoffSon/sXR+App+sWL+base+dly+out=SoffSon)"
482258 118 "Input: End   @%%d%      %%d%   %%d%   %%d%   %%d%   %%d%  %%d%   %%d%  %%d% (SoffSon/sXR+App+sWL+base+dly+out=SoffSon)"
000117 118 "Input: End   @%%d%      %%d%   %%d%   %%d%   %%d%  %%d%   %%d%   %%d%  %%d% (SoffSon/sXR+App+sWL+base+dly+out=SoffSon)"
000083 117 "Input: End   @%%d%      %%d%   %%d%   %%d%   %%d%  %%d%  %%d%   %%d%  %%d% (SoffSon/sXR+App+sWL+base+dly+out=SoffSon)"
049429 118 "Input: End   @%%d%      %%d%   %%d%   %%d%  %%d%   %%d%   %%d%   %%d%  %%d% (SoffSon/sXR+App+sWL+base+dly+out=SoffSon)"
000024 117 "Input: End   @%%d%      %%d%   %%d%   %%d%  %%d%  %%d%   %%d%   %%d%  %%d% (SoffSon/sXR+App+sWL+base+dly+out=SoffSon)"
000022 118 "Input: End   @%%d%      %%d%   %%d%  %%d%   %%d%   %%d%   %%d%   %%d%  %%d% (SoffSon/sXR+App+sWL+base+dly+out=SoffSon)"
000204 117 "Input: End   @%%d%      %%d%   %%d%  %%d%  %%d%   %%d%   %%d%   %%d%  %%d% (SoffSon/sXR+App+sWL+base+dly+out=SoffSon)"
000004 118 "Input: End   @%%d%      %%d%  %%d%   %%d%   %%d%   %%d%   %%d%   %%d%  %%d% (SoffSon/sXR+App+sWL+base+dly+out=SoffSon)"
000001 117 "Input: End   @%%d%      %%d%  %%d%   %%d%  %%d%   %%d%   %%d%   %%d%  %%d% (SoffSon/sXR+App+sWL+base+dly+out=SoffSon)"
000001 025 "Input: Read  %%d%:@%%d%  "
4172909 032 "Input: Read  %%d%:@%%d%  %%DUMP%"
596130 046 "Input: sync src:%%d% offsets %%d% i i i i i i "
014193 030 "Memorycheck: Completed:%%DUMP%"
000001 074 "Memorycheck:================  T S T - D O N E ============================"
000002 028 "Output: Write          %%d%:"
4187105 035 "Output: Write          %%d%:%%DUMP%"
044458 069 "RedPDS (src\redpds_main.cpp, %%d%): received msg, code %%HH%: %%DUMP%"
007520 090 "RedPDS: chan %%d%: send RFC-%%d% msg, hnd %%HH%, from %%HH% / %%d% to %%d% / %%d%: %%DUMP%"
019552 086 "RedPDS: chan %%d%: send UDP msg, hnd %%HH%, from %%HH% / %%d% to %%HH% / %%d%: %%DUMP%"
002589 054 "RedPDS: chan %%d%: send msg to appl mbx %%HH%: %%DUMP%"
000596 061 "SYSTEM HEAP  <maxMem: %%d% kB; used: %%d% kB ; free: %%d% kB>"
000001 016 "St=%%d%; SS=%%d%"
000004 066 "Timer: Input in timer; Type = %%d% (%%HH%), Channel = %%d%, Data: "
2214729 073 "Timer: Input in timer; Type = %%d% (%%HH%), Channel = %%d%, Data: %%DUMP%"
1618603 068 "Timer: New timer %%d%ms long, expires at %%d%ms, %%d% timer running."
1618601 045 "Timer: Timer %%d%ms, added delay_time %%d%ms."
1618600 072 "Timer: expire Timer at %%d%ms, XR systemtime %%d%ms, %%d% timer running."
000013 103 "W_MAC%%H%Signal:%%d% another train %%d% just passed POP, expected %%d% ! file:CDI_objects.cpp line:%%d%"
000008 106 "W_MAC%%H%VAL_IXLELEMENT_%%d% For Boolean(id:%%d%) Value is changed %%d%->%%d% file:SDTReader.cpp line:%%d%"
000068 115 "W_MAC%%H%VAL_IXLELEMENT_%%d% For Crossing(id:%%d%) Admissibility is changed %%d%->%%d% file:SDTReader.cpp line:%%d%"
000068 111 "W_MAC%%H%VAL_IXLELEMENT_%%d% For Crossing(id:%%d%) Direction is changed %%d%->%%d% file:SDTReader.cpp line:%%d%"
000068 117 "W_MAC%%H%VAL_IXLELEMENT_%%d% For Crossing(id:%%d%) FlankProtection is changed %%d%->%%d% file:SDTReader.cpp line:%%d%"
000068 110 "W_MAC%%H%VAL_IXLELEMENT_%%d% For Crossing(id:%%d%) Position is changed %%d%->%%d% file:SDTReader.cpp line:%%d%"
002501 112 "W_MAC%%H%VAL_IXLELEMENT_%%d% For Point(id:%%d%) Admissibility is changed %%d%->%%d% file:SDTReader.cpp line:%%d%"
002499 108 "W_MAC%%H%VAL_IXLELEMENT_%%d% For Point(id:%%d%) Direction is changed %%d%->%%d% file:SDTReader.cpp line:%%d%"
002505 114 "W_MAC%%H%VAL_IXLELEMENT_%%d% For Point(id:%%d%) FlankProtection is changed %%d%->%%d% file:SDTReader.cpp line:%%d%"
000700 117 "W_MAC%%H%VAL_IXLELEMENT_%%d% For Point(id:%%d%) SupervisedPosition is changed %%d%->%%d% file:SDTReader.cpp line:%%d%"
001713 113 "W_MAC%%H%VAL_IXLELEMENT_%%d% For Signal(id:%%d%) Admissibility is changed %%d%->%%d% file:SDTReader.cpp line:%%d%"
001819 118 "W_MAC%%H%VAL_IXLELEMENT_%%d% For Signal(id:%%d%) OverlapSupervision is changed %%d%->%%d% file:SDTReader.cpp line:%%d%"
001824 115 "W_MAC%%H%VAL_IXLELEMENT_%%d% For Signal(id:%%d%) SignalAspectATP is changed %%d%->%%d% file:SDTReader.cpp line:%%d%"
000134 115 "W_MAC%%H%VAL_IXLELEMENT_%%d% For Signal(id:%%d%) SignalAspectNAT is changed %%d%->%%d% file:SDTReader.cpp line:%%d%"
011594 119 "W_MAC%%H%VAL_IXLELEMENT_%%d% For TrackSection(id:%%d%) Admissibility is changed %%d%->%%d% file:SDTReader.cpp line:%%d%"
011594 115 "W_MAC%%H%VAL_IXLELEMENT_%%d% For TrackSection(id:%%d%) Direction is changed %%d%->%%d% file:SDTReader.cpp line:%%d%"
004946 128 "W_MAC%%H%VAL_IXLELEMENT_%%d% For TrackVacancySection(id:%%d%) PhysicalVacancy is changed %%d%->%%d% file:SDTReader.cpp line:%%d%"
000307 102 "_%%d%_%%d%_%%d%_%%d%_%%d%_%%d%_%%d%_%%d%_%%d%_%%d%_%%d%_%%d%_%%d%_] List: Change[%%d%] Avail[%%d% kB] "
000282 103 "_%%d%_%%d%_%%d%_%%d%_%%d%_%%d%_%%d%_%%d%_%%d%_%%d%_%%d%_%%d%_%%d%_] List: Change[-%%d%] Avail[%%d% kB] "
000200 041 "file created: %%d%.%%d%.%%d%%%H%%%d%:%%d%"
000001 021 "gth:%%d% data:%%DUMP%"
581938 041 "load_sr: Msg=%%HH% on channel %%d% data: "
014193 051 "osadapter: Create Mirror: size:%%d% @%%d%ms-@%%d%ms"
