002979 000 ""
000057 018 "#EOBTL# %%d%=%%HH%"
000003 023 "#_INFO# EOB-TraceLevel#"
002035 022 "%%d% entering CDIstubs"
002035 021 "%%d% leaving CDIstubs"
000001 034 "%%d%/%%d%/%%d% -%%H%%%d%:%%d% AM: "
000001 192 "-INFO- Log%%d%Port%%d% Limiter-State: LostPackTgrSinceStart:%%d% PeekBufferSinceStart(log%%d%Port%%d%):%%d%% LostPackTgrCycle:%%d% PeekBufferCycle:%%d%% RecvBytesCycle:%%d% SendBytesCycle:%%d%"
005630 134 "Ani: COsApi: IN, ch:%%d% cmd:%%d% TID:%%d% len:%%d% src:%%d%: dst:%%d% sTS:%%d% dTS:%%d% SN:%%d% SNref:%%d% (length:%%d%) data:%%DUMP%"
005866 135 "Ani: COsApi: OUT, ch:%%d% cmd:%%d% TID:%%d% len:%%d% src:%%d%: dst:%%d% sTS:%%d% dTS:%%d% SN:%%d% SNref:%%d% (length:%%d%) data:%%DUMP%"
006969 059 "Ani: COsApi: send data to mbx:%%d% length:%%d% data:%%DUMP%"
005866 088 "Ani: COsApi: sendData: destination:%%d%.%%d%.%%d%.%%d% port:%%d% length:%%d% handle:%%d%"
000275 036 "Ani: CRemoteChannel: LS in state eUp"
000277 036 "Ani: CRemoteChannel: UD in state eUp"
000361 044 "Ani: CRemoteChannel::userDataCmd in state up"
006844 055 "Ani: CUnitMngrBase::getUnit unit:%%d% found at pos:%%d%"
005630 059 "Ani: ch:%%d% COsApi::putIntoChannel handle:%%d% length:%%d%"
000277 058 "Ani: ch:%%d% IFCommPC: userdataInd to mxb:%%d% length:%%d%"
013020 056 "Ani: dispatcher msg len:%%d% sender_code:%%HH% time:%%d%"
002249 040 "Ani: new cycle @%%d% last:%%d% diff:%%d%"
000448 048 "CDIstubs-Q%%d%TIME(Timer): con=%%d%, cycles=%%d%"
000085 071 "CDIstubs-Q%%d%TIMM(PDS): starting timer, mbx=%%d%, cycles=%%d%, ID=%%d%"
000448 061 "CDIstubs-recv: event timer ID %%d% on connection %%d% expired"
000013 079 "CDIstubs-recv: external mailbox message for pipe 'BAI_%%d%__R' received:%%DUMP%"
000085 077 "CDIstubs-recv: message timer on connection %%d%, mailbox %%d% expired:%%DUMP%"
000448 064 "CDIstubs-setEventTimer(Timer): starting timer, ID=%%d%, hnd=%%d%"
002979 093 "Dispatcher: time: %%d%, type:%%HHH%, s:  %%d%, d: %%d%, ch:  %%d%, len:   %%d%, data: %%DUMP%"
000567 092 "Dispatcher: time: %%d%, type:%%HHH%, s:  %%d%, d: %%d%, ch:  %%d%, len:  %%d%, data: %%DUMP%"
005076 091 "Dispatcher: time: %%d%, type:%%HHH%, s:  %%d%, d: %%d%, ch:  %%d%, len: %%d%, data: %%DUMP%"
004428 092 "Dispatcher: time: %%d%, type:%%HHH%, s: %%d%, d: %%d%, ch:  %%d%, len:   %%d%, data: %%DUMP%"
021040 091 "Dispatcher: time: %%d%, type:%%HHH%, s: %%d%, d: %%d%, ch:  %%d%, len:  %%d%, data: %%DUMP%"
000512 090 "Dispatcher: time: %%d%, type:%%HHH%, s: %%d%, d: %%d%, ch:  %%d%, len: %%d%, data: %%DUMP%"
006005 043 "Dispatcher: to IFA ch:  %%d%, data: %%DUMP%"
000002 058 "I_BAS%%H%# Build time of eob : Dec %%d% %%d%,%%H%%%d%:%%d%"
000002 058 "I_BAS%%H%# Current version   : WCU_ATP_%%d%.%%d%.%%d%.%%d%"
000002 038 "I_BAS%%H%# SRSignatur        : %%DUMP%"
000002 038 "I_BAS%%H%# XRSignatur        : %%DUMP%"
000004 080 "I_BAS%%H%#######################################################################"
002539 021 "I_BAS%%H%MSG_FROM_ANI"
002723 025 "I_BAS%%H%Send msg to ANI "
000130 026 "I_BAS%%H%Time of day: %%d%"
000276 017 "I_BAS%%H%do_Cycle"
000130 055 "I_LIF%%H%>>> ElementStatusIndication transmitted to CDI"
001932 061 "I_LIF%%H%>>> MovementAuthority transmitted to OBCU, ID = %%d%"
000275 032 "I_LIF%%H%>>> On cycle: pinnng..."
000386 059 "I_LIF%%H%>>> OperationalData transmitted to OBCU, ID = %%d%"
002263 070 "I_LIF%%H%>>> PositionReport telegram received from OBCU; iVersion=%%d%"
000002 034 "I_LIF%%H%>>> Set TimeOfDay to %%d%"
000275 050 "I_LIF%%H%>>> StatusData telegram received from CDI"
000275 049 "I_LIF%%H%>>> StatusDataRequest transmitted to CDI"
000002 037 "I_LIF%%H%>>> TimeOfDay received: %%d%"
000275 049 "I_MAC%%H%*** SDT Arrived analization started! ***"
000275 042 "I_MAC%%H%*** SDT analization finished! ***"
000003 076 "I_MAC%%H%*** Sending Element Status Indication of element Crossing:%%d%. ***"
000004 081 "I_MAC%%H%*** Sending Element Status Indication of element PlatformTrack:%%d%. ***"
000029 073 "I_MAC%%H%*** Sending Element Status Indication of element Point:%%d%. ***"
000020 074 "I_MAC%%H%*** Sending Element Status Indication of element Signal:%%d%. ***"
000074 080 "I_MAC%%H%*** Sending Element Status Indication of element TrackSection:%%d%. ***"
000275 017 "I_MAC%%H%On_Cycle"
000004 070 "I_MAC%%H%Platform:%%d% accessible:%%d%/%%d% stationDeparture:%%d%/%%d%"
000009 076 "I_MAC%%H%Signal:%%d%  m_NoUTapproaching:%%d%->%%d% m_TrainStopped:%%d%->%%d%"
000001 047 "I_MAC%%H%Signal:%%d%  m_TrainStopped:%%d%->%%d%"
000003 066 "I_MAC%%H%Standstill detected, notify SEP; Signal:%%d% TrainID:%%d%"
008528 048 "I_MAC%%H%calculateDriState: pf=%%d%, lower track"
008528 048 "I_MAC%%H%calculateDriState: pf=%%d%, upper track"
006053 112 "I_MAC%%H%calculatePlatformAccessible: pf=%%d%, lower track. TRA-State-Down=%%d%, AccStateDown=%%d%, AccDown=%%d%"
006052 106 "I_MAC%%H%calculatePlatformAccessible: pf=%%d%, upper track. TRA-State-Up=%%d%, AccStateUp=%%d%, AccUp=%%d%"
000010 068 "I_MAC%%H%notify_AT_Approaching(signal=%%d%, appr=%%d%, trainID=%%d%)"
000001 064 "I_MAC%%H%notify_TrainStoppedAcknowledge(signal=%%d%, train=%%d%)"
006270 066 "I_MAC%%H%pf:%%d% examine %%d%:%%d% .. +L=%%d%; traSt=%%d%; SS=%%d%"
002257 055 "I_MAC%%H%pf:%%d% examine %%d%:%%d%; traSt=%%d%; SS=%%d%"
000004 067 "I_MAC%%H%pf:%%d% state engine changed, eDepartureState:%%d% -> %%d%"
000007 070 "I_MAC%%H%pf:%%d% state engine changed, m_iAccessibleState:%%d% -> %%d%"
017056 088 "I_MAC%%H%pfDriStateMachine(): bValid=%%d%, bCtcLevel=%%d%, iReversal=%%d%, ePfTraSt=%%d%"
017056 057 "I_MAC%%H%pt=%%d%, iter=%%d%, newstate=%%d%, oldstate=%%d%"
000003 076 "I_MAC%%H%set_crossing_ATPVAC_and_TVD_Failure(id=%%d%, ATPVAC=%%d%, TVD=%%d%)"
000029 073 "I_MAC%%H%set_point_ATPVAC_and_TVD_Failure(id=%%d%, ATPVAC=%%d%, TVD=%%d%)"
000074 070 "I_MAC%%H%set_ts_ATPVAC_and_TVD_Failure(id=%%d%, ATPVAC=%%d%, TVD=%%d%)"
001793 049 "I_SEP%%H%   %%d%: S:   %%d% O:       %%d% D: %%d%"
000006 048 "I_SEP%%H%   %%d%: S:   %%d% O:      %%d% D: %%d%"
000407 047 "I_SEP%%H%   %%d%: S:   %%d% O:     %%d% D: %%d%"
002172 046 "I_SEP%%H%   %%d%: S:   %%d% O:    %%d% D: %%d%"
005757 045 "I_SEP%%H%   %%d%: S:   %%d% O:   %%d% D: %%d%"
003269 044 "I_SEP%%H%   %%d%: S:   %%d% O:  %%d% D: %%d%"
001908 046 "I_SEP%%H% %%H% S:   %%d% O:       %%d% D: %%d%"
000002 045 "I_SEP%%H% %%H% S:   %%d% O:      %%d% D: %%d%"
000589 044 "I_SEP%%H% %%H% S:   %%d% O:     %%d% D: %%d%"
001737 043 "I_SEP%%H% %%H% S:   %%d% O:    %%d% D: %%d%"
002046 042 "I_SEP%%H% %%H% S:   %%d% O:   %%d% D: %%d%"
000390 041 "I_SEP%%H% %%H% S:   %%d% O:  %%d% D: %%d%"
001932 023 "I_SEP%%H% ExpPos.: %%d%"
001932 023 "I_SEP%%H% MinSFE.: %%d%"
001932 023 "I_SEP%%H% MinSRE.: %%d%"
001932 023 "I_SEP%%H% PathEnd: %%d%"
000276 030 "I_SEP%%H%-> Build and send WMA"
000276 030 "I_SEP%%H%-> Build and send WOD"
000276 031 "I_SEP%%H%-> Build and send WWHO"
000276 031 "I_SEP%%H%-> Build and send WWMA"
000276 031 "I_SEP%%H%-> Build and send WWOD"
000276 031 "I_SEP%%H%-> Check existing path"
000276 027 "I_SEP%%H%-> Check violation"
000276 032 "I_SEP%%H%-> Cleanup cycle values"
000276 035 "I_SEP%%H%-> Complete MA to the back"
000276 021 "I_SEP%%H%-> Eval. OPR"
000276 022 "I_SEP%%H%-> Eval. WWHO"
000276 022 "I_SEP%%H%-> Eval. WWMA"
000276 021 "I_SEP%%H%-> Expand MA"
000276 020 "I_SEP%%H%-> Gen. MAL"
000276 029 "I_SEP%%H%-> Init cycle values"
000276 034 "I_SEP%%H%-> Process list of trains"
000276 024 "I_SEP%%H%-> Upd. AT-Appr"
000276 020 "I_SEP%%H%-> Upd. DDI"
000276 039 "I_SEP%%H%-> Update list of local trains"
000276 034 "I_SEP%%H%-> shorten MA from behind"
000962 039 "I_SEP%%H%<%%d%>: CMA::bldMA: MinPL only"
001932 058 "I_SEP%%H%<%%d%>LstLclTr::expMa: Handover stop (if active)."
000276 054 "I_SEP%%H%<%%d%>LstLclTr::expMa: Z-MAL during expansion"
001932 049 "I_SEP%%H%<%%d%>MA::bldMaTel: Chk path consistency"
001932 063 "I_SEP%%H%<%%d%>MA::bldMaTel: MAL: T:%%d%/S:%%d%/O:%%d%/Sig:%%d%"
000004 056 "I_SEP%%H%<%%d%>MA::bldMaTel: Sig:%%d%: Aspect=SA_STOP_OS"
000276 044 "I_SEP%%H%<%%d%>MA::bldMaTel: V_MAL overrule!"
000006 058 "I_SEP%%H%<%%d%>MA::chkAtApp: at_app.(yes) gone -> TAN inc."
000005 049 "I_SEP%%H%<%%d%>MA::chkExP: New restr. -> TAN inc."
000001 041 "I_SEP%%H%<%%d%>MA::chkExP: Rev. finished."
000012 066 "I_SEP%%H%<%%d%>MA::doTanHndl: Rec. W-TAN <> own W-TAN -> lock exp."
012030 053 "I_SEP%%H%<%%d%>MA::expMA: Chk. TRA-Map. S:%%d%/O:%%d%"
001932 034 "I_SEP%%H%<%%d%>MA::expMA: Finished"
000016 053 "I_SEP%%H%<%%d%>MA::expMA: MAL %%d% will be used again"
001932 044 "I_SEP%%H%<%%d%>MA::expMA: Main loop finished"
000004 072 "I_SEP%%H%<%%d%>MA::expMA: Obst. found (TRA-loc. >= TDB-loc.) -> finished"
000276 056 "I_SEP%%H%<%%d%>MA::expMA: Rev.-sig. not adm. -> Shrt.MAL"
006861 058 "I_SEP%%H%<%%d%>MA::expMA: SM:Obst/St:%%d% at S:%%d%/O:%%d%"
001932 045 "I_SEP%%H%<%%d%>MA::expMA: Start S:%%d%/O:%%d%"
001932 038 "I_SEP%%H%<%%d%>MA::expMA: bDNtAdv:%%d%"
001656 026 "I_SEP%%H%<%%d%>MA::genVMa:"
001153 050 "I_SEP%%H%<%%d%>MA::hndlTrStp: Sig:%%d%: State:%%d%"
000011 042 "I_SEP%%H%<%%d%>MA::incWTan: New value:%%d%"
003150 060 "I_SEP%%H%<%%d%>MA::setVMalVar: T:%%d%/Sig:%%d%/S:%%d%/O:%%d%"
000757 072 "I_SEP%%H%<%%d%>MA_expMA: Exp.-pos. corrected to sig.-pos.: S:%%d%/O:%%d%"
001932 039 "I_SEP%%H%<%%d%>SepM::updLstLocTr: START"
000552 044 "I_SEP%%H%<%%d%>locTr::cZM: set Z-MAL w. path"
001027 046 "I_SEP%%H%<%%d%>locTr::compPos: Tr. moved forw."
000002 043 "I_SEP%%H%<%%d%>locTr::compPos: moved backw."
000903 045 "I_SEP%%H%<%%d%>locTr::compPos: pos. unchanged"
000769 077 "I_SEP%%H%CElChk::vMaTpPPos: Max. path length overstepped -> VM_OTHER_IXL_COND"
000980 073 "I_SEP%%H%CMA_PathPosBuffer::advanceToNextPathChange: S:%%d%/O:%%d%/D:%%d%"
001932 034 "I_SEP%%H%CoR::oStat: A:%%d% U:%%d%"
000276 050 "I_SEP%%H%Cor::sCoR: New CoR added: Tp:%%d% Id:%%d%"
000276 073 "I_SEP%%H%CorEl: Tp:%%d%/Id:%%d% not in WMA - ahead of till-here-location."
000552 074 "I_SEP%%H%CorEl::tr: SV: S:  %%d%/O: %%d%  POP: S:   %%d%/O: %%d%  Tp: %%d%"
000276 070 "I_SEP%%H%CorEl::updCrAtPos: Add CoR: Tp:%%d%/Id:%%d% to S:%%d%/O:%%d%:"
001185 047 "I_SEP%%H%CorLG::chkLG: Chk CoR: Tp:%%d%/Id:%%d%"
002144 065 "I_SEP%%H%CorLG::fVioExt: Chk flnk: S:%%d%/O:%%d%/D:%%d%/Dist:%%d%"
000481 061 "I_SEP%%H%CorLG::fVioExt: Conv. pt found: S:%%d%/O:%%d%/D:%%d%"
000172 060 "I_SEP%%H%CorLG::fVioExt: Opp. SP found: S:%%d%/O:%%d%/D:%%d%"
000073 065 "I_SEP%%H%CorLG::fVioExt: TRA-state at S:%%d%/O:%%d%/D:%%d% = %%d%"
000073 055 "I_SEP%%H%CorLG::fVioExt: TRA_OT ignored. AT on same TVS"
003572 067 "I_SEP%%H%LstWcuBndry::selWcuBndry: Bndry. not found - S:%%d%/O:%%d%"
001932 039 "I_SEP%%H%MaPPB::chkPathCons: consistent"
001255 041 "I_SEP%%H%MaPPB::delUnimpPP: S:%%d%/O:%%d%"
001656 049 "I_SEP%%H%NvMalGen::chkNvCCB: T:%%d%/S:%%d%/O:%%d%"
001656 048 "I_SEP%%H%NvMalGen::chkNvPA: T:%%d%/S:%%d%/O:%%d%"
001656 049 "I_SEP%%H%NvMalGen::chkNvSTS: T:%%d%/S:%%d%/O:%%d%"
000287 036 "I_SEP%%H%NvMalGen::chkNvmPA: Id:%%d%"
000847 031 "I_SEP%%H%PC::add: S:%%d%/T:%%d%"
000850 031 "I_SEP%%H%PC::del: S:%%d%/T:%%d%"
014509 046 "I_SEP%%H%PC::gNRO: S:%%d%/O:%%d%/D:%%d%->%%d% "
033462 050 "I_SEP%%H%PC::gTIdO: S:%%d%/O:%%d% -> R:%%d%/T:%%d%"
006158 038 "I_SEP%%H%PEva::complPPE: S:%%d%/O:%%d%"
000276 074 "I_SEP%%H%PEva::getPltfStP: Can not determine platform entry stopping point"
000004 034 "I_SEP%%H%PEva::isOvlpUs: OP found."
000001 037 "I_SEP%%H%PEva::isOvlpUs: OP not found"
000555 057 "I_SEP%%H%PEva::updtOF: Update S:%%d%/O:%%d% to value %%d%"
000276 027 "I_SEP%%H%SepM::OnCyc: START"
000003 036 "I_SEP%%H%SepM::hdlTrStp:%%d%/Tr:%%d%"
000404 051 "I_SEP%%H%VMalGen::genVMal: Bumper POP at path limit"
000559 062 "I_SEP%%H%VMalGen::genVMal: Limit-Type %%d% at path limit found"
001656 061 "I_SEP%%H%VMalGen::genVMal: Next limit: T:%%d%/S:%%d%/O.: %%d%"
001656 071 "I_SEP%%H%VMalGen::genVMal: rem. short. Dist:%%d%/limit under train:%%d%"
000404 082 "I_SEP%%H%VMalGen::getDistCbb: EOT or BP detected -> no TVS found -> no CBB needed."
000276 077 "I_SEP%%H%VMalGen::redMal: El. T:%%d%/Id:%%d% is restr. at loc. S:%%d%/O:%%d%."
000276 078 "I_SEP%%H%VMalGen::redMal: Restr. Sig:%%d% already defines MAL -> no add. work."
000001 036 "I_SEP%%H%maPE::admLost: TRUE Id:%%d%"
000002 049 "I_SEP%%H%maPE::chkPntDat: RESTR. El:%%d%/Lvl:%%d%"
001043 049 "I_SEP%%H%maPE::chkSigDat: RESTR. El:%%d%/Lvl:%%d%"
000828 048 "I_SEP%%H%maPE::chkTSDat: RESTR. El:%%d%/Lvl:%%d%"
000001 036 "I_SEP%%H%maPE::dirChng: TRUE Id:%%d%"
000832 036 "I_SEP%%H%maPE::dirColl: TRUE Id:%%d%"
000001 041 "I_SEP%%H%maPE::flnkProtLost: TRUE Id:%%d%"
000004 041 "I_SEP%%H%maPE::overlSupLost: TRUE Id:%%d%"
000008 041 "I_SEP%%H%maPE::sigAspMbLost: TRUE Id:%%d%"
001380 047 "I_SEP%%H%maPE::stInst: El:%%d% in revers. state"
000555 074 "I_SEP%%H%maPE::updOvlpFlg: Upd. overlp. flg. El:%%d%/Id:%%d% to value:%%d%"
002902 031 "I_TRA%%H%ACTREP id=%%d%        "
013122 031 "I_TRA%%H%ACTREV id=%%d%        "
003578 035 "I_TRA%%H%ACTREV%%d% id=%%d%        "
006861 032 "I_TRA%%H%ACTSTOP id=%%d%        "
000648 041 "I_TRA%%H%ACTSTORES %%d%'%%d%'%%d%        "
004611 033 "I_TRA%%H%ACTYIELD id=%%d%        "
000648 067 "I_TRA%%H%CTiS create: id=%%d%'%%d%'%%d%, tvs=%%d%, lte=%%d%        "
002568 027 "I_TRA%%H%EXEC begin        "
002567 030 "I_TRA%%H%EXEC complete        "
001226 068 "I_TRA%%H%JOIN CTi %%d%'%%d%'%%d% and %%d%'%%d%'%%d%, cOriNeg        "
001189 068 "I_TRA%%H%JOIN CTi %%d%'%%d%'%%d% and %%d%'%%d%'%%d%, cOriPos        "
003887 125 "I_TRA%%H%LAUNCH id=%%d%, state=%%d%, curTi=%%d%'%%d%'%%d% cOriNeg, trainId=%%d%, xf=%%d%'%%d%'%%d%, xr=%%d%'%%d%'%%d%        "
000048 073 "I_TRA%%H%LAUNCH id=%%d%, state=%%d%, curTi=%%d%'%%d%'%%d% cOriPos        "
002924 125 "I_TRA%%H%LAUNCH id=%%d%, state=%%d%, curTi=%%d%'%%d%'%%d% cOriPos, trainId=%%d%, xf=%%d%'%%d%'%%d%, xr=%%d%'%%d%'%%d%        "
000001 039 "I_TRA%%H%LTESTATE cr=%%d% CL:OK        "
000001 040 "I_TRA%%H%LTESTATE cr=%%d% OAT:OK        "
000001 041 "I_TRA%%H%LTESTATE cr=%%d% ONAT:OK        "
000012 039 "I_TRA%%H%LTESTATE pt=%%d% CL:OK        "
000012 040 "I_TRA%%H%LTESTATE pt=%%d% OAT:OK        "
000005 041 "I_TRA%%H%LTESTATE pt=%%d% ONAT:OK        "
000028 039 "I_TRA%%H%LTESTATE ts=%%d% CL:OK        "
000033 040 "I_TRA%%H%LTESTATE ts=%%d% OAT:OK        "
000013 041 "I_TRA%%H%LTESTATE ts=%%d% ONAT:OK        "
000002 050 "I_TRA%%H%POINTRAWPOS pt=%%d% pos=POS_MINUS        "
000002 050 "I_TRA%%H%POINTRAWPOS pt=%%d% pos=POS_UNDEF        "
013995 050 "I_TRA%%H%SETTRST ti=%%d%'%%d%'%%d%, CA->CA        "
000045 050 "I_TRA%%H%SETTRST ti=%%d%'%%d%'%%d%, CA->CR        "
001196 050 "I_TRA%%H%SETTRST ti=%%d%'%%d%'%%d%, CA->OA        "
000038 050 "I_TRA%%H%SETTRST ti=%%d%'%%d%'%%d%, CR->CA        "
000044 050 "I_TRA%%H%SETTRST ti=%%d%'%%d%'%%d%, CR->OA        "
000028 050 "I_TRA%%H%SETTRST ti=%%d%'%%d%'%%d%, CT->CA        "
000014 050 "I_TRA%%H%SETTRST ti=%%d%'%%d%'%%d%, CT->OA        "
000450 050 "I_TRA%%H%SETTRST ti=%%d%'%%d%'%%d%, CT->OT        "
000800 050 "I_TRA%%H%SETTRST ti=%%d%'%%d%'%%d%, OA->CA        "
000015 050 "I_TRA%%H%SETTRST ti=%%d%'%%d%'%%d%, OA->CR        "
000449 050 "I_TRA%%H%SETTRST ti=%%d%'%%d%'%%d%, OA->CT        "
007249 050 "I_TRA%%H%SETTRST ti=%%d%'%%d%'%%d%, OA->OA        "
000025 050 "I_TRA%%H%SETTRST ti=%%d%'%%d%'%%d%, OA->OT        "
000020 050 "I_TRA%%H%SETTRST ti=%%d%'%%d%'%%d%, OT->CT        "
000458 048 "I_TRA%%H%SETTRST ti=%%d%'%%d%'%%d%, S->S        "
001288 058 "I_TRA%%H%SPLIT CTi %%d%'%%d%'%%d% at %%d%, cOriNeg        "
001127 058 "I_TRA%%H%SPLIT CTi %%d%'%%d%'%%d% at %%d%, cOriPos        "
000001 048 "I_TRA%%H%SPP id=%%d%, position=POS_MINUS        "
000001 047 "I_TRA%%H%SPP id=%%d%, position=POS_PLUS        "
018824 090 "I_TRA%%H%STEP id=%%d%, state=%%d%, curTi=%%d%'%%d%'%%d% cOriNeg len=%%d% sign=%%d%        "
009748 091 "I_TRA%%H%STEP id=%%d%, state=%%d%, curTi=%%d%'%%d%'%%d% cOriNeg len=%%d% sign=-%%d%        "
014759 091 "I_TRA%%H%STEP id=%%d%, state=%%d%, curTi=%%d%'%%d%'%%d% cOriNeg len=-%%d% sign=%%d%        "
002358 092 "I_TRA%%H%STEP id=%%d%, state=%%d%, curTi=%%d%'%%d%'%%d% cOriNeg len=-%%d% sign=-%%d%        "
011524 090 "I_TRA%%H%STEP id=%%d%, state=%%d%, curTi=%%d%'%%d%'%%d% cOriPos len=%%d% sign=%%d%        "
019505 091 "I_TRA%%H%STEP id=%%d%, state=%%d%, curTi=%%d%'%%d%'%%d% cOriPos len=%%d% sign=-%%d%        "
005567 091 "I_TRA%%H%STEP id=%%d%, state=%%d%, curTi=%%d%'%%d%'%%d% cOriPos len=-%%d% sign=%%d%        "
008441 092 "I_TRA%%H%STEP id=%%d%, state=%%d%, curTi=%%d%'%%d%'%%d% cOriPos len=-%%d% sign=-%%d%        "
000003 054 "I_TRA%%H%SUS_GEO_COND %%d%'%%d%'%%d%, tvs=%%d%        "
000002 040 "I_TRA%%H%SUS_IDLE %%d%'%%d%'%%d%        "
000013 048 "I_TRA%%H%TVSPHYVAC tvs=%%d% phyVac=Clear        "
000013 051 "I_TRA%%H%TVSPHYVAC tvs=%%d% phyVac=Occupied        "
000073 073 "I_TRA%%H%isAtLocatedOnTvs: Freshness=%%d%, isAt=%%d%, isLock=%%d%        "
000001 048 "I_TRA%%H%spp id=%%d%, position=POS_MINUS        "
000001 047 "I_TRA%%H%spp id=%%d%, position=POS_PLUS        "
002979 086 "Input: Cycle %%HH% %%d% @%%d%:  %%d%*   %%d%*   %%d%*   %%d%*   %%d%*   %%d%*   %%d%* "
000310 119 "Input: End   @%%d%       %%d%   %%d%   %%d%   %%d%   %%d%  %%d%   %%d%  %%d% (SoffSon/sXR+App+sWL+base+dly+out=SoffSon)"
000027 119 "Input: End   @%%d%       %%d%   %%d%   %%d%  %%d%   %%d%   %%d%   %%d%  %%d% (SoffSon/sXR+App+sWL+base+dly+out=SoffSon)"
000005 119 "Input: End   @%%d%      %%d%   %%d%   %%d%   %%d%   %%d%   %%d%   %%d%  %%d% (SoffSon/sXR+App+sWL+base+dly+out=SoffSon)"
002389 118 "Input: End   @%%d%      %%d%   %%d%   %%d%   %%d%   %%d%  %%d%   %%d%  %%d% (SoffSon/sXR+App+sWL+base+dly+out=SoffSon)"
000002 118 "Input: End   @%%d%      %%d%   %%d%   %%d%   %%d%  %%d%   %%d%   %%d%  %%d% (SoffSon/sXR+App+sWL+base+dly+out=SoffSon)"
000245 118 "Input: End   @%%d%      %%d%   %%d%   %%d%  %%d%   %%d%   %%d%   %%d%  %%d% (SoffSon/sXR+App+sWL+base+dly+out=SoffSon)"
000001 117 "Input: End   @%%d%      %%d%   %%d%  %%d%  %%d%   %%d%   %%d%   %%d%  %%d% (SoffSon/sXR+App+sWL+base+dly+out=SoffSon)"
020853 032 "Input: Read  %%d%:@%%d%  %%DUMP%"
002979 046 "Input: sync src:%%d% offsets %%d% i i i i i i "
000071 030 "Memorycheck: Completed:%%DUMP%"
020924 035 "Output: Write          %%d%:%%DUMP%"
000220 069 "RedPDS (src\redpds_main.cpp, %%d%): received msg, code %%HH%: %%DUMP%"
000037 090 "RedPDS: chan %%d%: send RFC-%%d% msg, hnd %%HH%, from %%HH% / %%d% to %%d% / %%d%: %%DUMP%"
000096 086 "RedPDS: chan %%d%: send UDP msg, hnd %%HH%, from %%HH% / %%d% to %%HH% / %%d%: %%DUMP%"
000013 054 "RedPDS: chan %%d%: send msg to appl mbx %%HH%: %%DUMP%"
000003 061 "SYSTEM HEAP  <maxMem: %%d% kB; used: %%d% kB ; free: %%d% kB>"
011074 073 "Timer: Input in timer; Type = %%d% (%%HH%), Channel = %%d%, Data: %%DUMP%"
008095 068 "Timer: New timer %%d%ms long, expires at %%d%ms, %%d% timer running."
008096 045 "Timer: Timer %%d%ms, added delay_time %%d%ms."
008098 072 "Timer: expire Timer at %%d%ms, XR systemtime %%d%ms, %%d% timer running."
000024 112 "W_MAC%%H%VAL_IXLELEMENT_%%d% For Point(id:%%d%) Admissibility is changed %%d%->%%d% file:SDTReader.cpp line:%%d%"
000023 108 "W_MAC%%H%VAL_IXLELEMENT_%%d% For Point(id:%%d%) Direction is changed %%d%->%%d% file:SDTReader.cpp line:%%d%"
000023 114 "W_MAC%%H%VAL_IXLELEMENT_%%d% For Point(id:%%d%) FlankProtection is changed %%d%->%%d% file:SDTReader.cpp line:%%d%"
000004 117 "W_MAC%%H%VAL_IXLELEMENT_%%d% For Point(id:%%d%) SupervisedPosition is changed %%d%->%%d% file:SDTReader.cpp line:%%d%"
000012 113 "W_MAC%%H%VAL_IXLELEMENT_%%d% For Signal(id:%%d%) Admissibility is changed %%d%->%%d% file:SDTReader.cpp line:%%d%"
000014 118 "W_MAC%%H%VAL_IXLELEMENT_%%d% For Signal(id:%%d%) OverlapSupervision is changed %%d%->%%d% file:SDTReader.cpp line:%%d%"
000012 115 "W_MAC%%H%VAL_IXLELEMENT_%%d% For Signal(id:%%d%) SignalAspectATP is changed %%d%->%%d% file:SDTReader.cpp line:%%d%"
000075 119 "W_MAC%%H%VAL_IXLELEMENT_%%d% For TrackSection(id:%%d%) Admissibility is changed %%d%->%%d% file:SDTReader.cpp line:%%d%"
000073 115 "W_MAC%%H%VAL_IXLELEMENT_%%d% For TrackSection(id:%%d%) Direction is changed %%d%->%%d% file:SDTReader.cpp line:%%d%"
000026 128 "W_MAC%%H%VAL_IXLELEMENT_%%d% For TrackVacancySection(id:%%d%) PhysicalVacancy is changed %%d%->%%d% file:SDTReader.cpp line:%%d%"
000002 102 "_%%d%_%%d%_%%d%_%%d%_%%d%_%%d%_%%d%_%%d%_%%d%_%%d%_%%d%_%%d%_%%d%_] List: Change[%%d%] Avail[%%d% kB] "
000001 103 "_%%d%_%%d%_%%d%_%%d%_%%d%_%%d%_%%d%_%%d%_%%d%_%%d%_%%d%_%%d%_%%d%_] List: Change[-%%d%] Avail[%%d% kB] "
000001 041 "file created: %%d%.%%d%.%%d%%%H%%%d%:%%d%"
002908 041 "load_sr: Msg=%%HH% on channel %%d% data: "
000071 051 "osadapter: Create Mirror: size:%%d% @%%d%ms-@%%d%ms"
