596130 000 ""
000001 002 "  "
000001 013 " data:%%DUMP%"
000001 017 " leaving CDIstubs"
000001 028 " len=-%%d% sign=%%d%        "
011305 018 "#EOBTL# %%d%=%%HH%"
000595 023 "#_INFO# EOB-TraceLevel#"
000025 007 "%%DUMP%"
000001 004 "%%d%"
408192 022 "%%d% entering CDIstubs"
408191 021 "%%d% leaving CDIstubs"
000003 073 "%%d%, type:%%HHH%, s: %%d%, d: %%d%, ch:  %%d%, len:  %%d%, data: %%DUMP%"
000029 036 "%%d%/%%d%/%%d% - %%d%:%%d%:%%d% PM: "
000008 034 "%%d%/%%d%/%%d% -%%H%%%d%:%%d% AM: "
000006 034 "%%d%/%%d%/%%d% -%%H%%%d%:%%d% PM: "
000001 069 ", type:%%HHH%, s:  %%d%, d: %%d%, ch:  %%d%, len: %%d%, data: %%DUMP%"
000001 069 ", type:%%HHH%, s: %%d%, d: %%d%, ch:  %%d%, len:  %%d%, data: %%DUMP%"
000043 192 "-INFO- Log%%d%Port%%d% Limiter-State: LostPackTgrSinceStart:%%d% PeekBufferSinceStart(log%%d%Port%%d%):%%d%% LostPackTgrCycle:%%d% PeekBufferCycle:%%d%% RecvBytesCycle:%%d% SendBytesCycle:%%d%"
000001 019 ":%%d%/O:%%d%/D:%%d%"
000003 127 "Ani: COsApi: IN, ch:%%d% cmd:%%d% TID:%%d% len:%%d% src:%%d%: dst:%%d% sTS:%%d% dTS:%%d% SN:%%d% SNref:%%d% (length:%%d%) data:"
1133881 134 "Ani: COsApi: IN, ch:%%d% cmd:%%d% TID:%%d% len:%%d% src:%%d%: dst:%%d% sTS:%%d% dTS:%%d% SN:%%d% SNref:%%d% (length:%%d%) data:%%DUMP%"
000003 128 "Ani: COsApi: OUT, ch:%%d% cmd:%%d% TID:%%d% len:%%d% src:%%d%: dst:%%d% sTS:%%d% dTS:%%d% SN:%%d% SNref:%%d% (length:%%d%) data:"
1178661 135 "Ani: COsApi: OUT, ch:%%d% cmd:%%d% TID:%%d% len:%%d% src:%%d%: dst:%%d% sTS:%%d% dTS:%%d% SN:%%d% SNref:%%d% (length:%%d%) data:%%DUMP%"
000001 038 "Ani: COsApi: send data to mbx:%%d% len"
000001 046 "Ani: COsApi: send data to mbx:%%d% length:%%d%"
000002 052 "Ani: COsApi: send data to mbx:%%d% length:%%d% data:"
1377536 059 "Ani: COsApi: send data to mbx:%%d% length:%%d% data:%%DUMP%"
1178664 088 "Ani: COsApi: sendData: destination:%%d%.%%d%.%%d%.%%d% port:%%d% length:%%d% handle:%%d%"
055344 036 "Ani: CRemoteChannel: LS in state eUp"
055821 036 "Ani: CRemoteChannel: UD in state eUp"
070302 044 "Ani: CRemoteChannel::userDataCmd in state up"
1378746 055 "Ani: CUnitMngrBase::getUnit unit:%%d% found at pos:%%d%"
000001 094 "Ani: Error CSynchroniser: freshness failure: due time:%%d%, localTime:%%d%, telegramTime:%%d% "
000145 039 "Ani: Warning timeout unit:%%d%, ch:%%d%"
1133884 059 "Ani: ch:%%d% COsApi::putIntoChannel handle:%%d% length:%%d%"
055828 058 "Ani: ch:%%d% IFCommPC: userdataInd to mxb:%%d% length:%%d%"
2594906 056 "Ani: dispatcher msg len:%%d% sender_code:%%HH% time:%%d%"
446616 040 "Ani: new cycle @%%d% last:%%d% diff:%%d%"
090241 048 "CDIstubs-Q%%d%TIME(Timer): con=%%d%, cycles=%%d%"
017296 071 "CDIstubs-Q%%d%TIMM(PDS): starting timer, mbx=%%d%, cycles=%%d%, ID=%%d%"
090241 061 "CDIstubs-recv: event timer ID %%d% on connection %%d% expired"
002589 079 "CDIstubs-recv: external mailbox message for pipe 'BAI_%%d%__R' received:%%DUMP%"
017296 077 "CDIstubs-recv: message timer on connection %%d%, mailbox %%d% expired:%%DUMP%"
090241 064 "CDIstubs-setEventTimer(Timer): starting timer, ID=%%d%, hnd=%%d%"
000003 018 "Dispatcher: time: "
000002 022 "Dispatcher: time: %%d%"
000002 086 "Dispatcher: time: %%d%, type:%%HHH%, s:  %%d%, d: %%d%, ch:  %%d%, len:   %%d%, data: "
596128 093 "Dispatcher: time: %%d%, type:%%HHH%, s:  %%d%, d: %%d%, ch:  %%d%, len:   %%d%, data: %%DUMP%"
114204 092 "Dispatcher: time: %%d%, type:%%HHH%, s:  %%d%, d: %%d%, ch:  %%d%, len:  %%d%, data: %%DUMP%"
000001 084 "Dispatcher: time: %%d%, type:%%HHH%, s:  %%d%, d: %%d%, ch:  %%d%, len: %%d%, data: "
1022267 091 "Dispatcher: time: %%d%, type:%%HHH%, s:  %%d%, d: %%d%, ch:  %%d%, len: %%d%, data: %%DUMP%"
000001 085 "Dispatcher: time: %%d%, type:%%HHH%, s: %%d%, d: %%d%, ch:  %%d%, len:   %%d%, data: "
863162 092 "Dispatcher: time: %%d%, type:%%HHH%, s: %%d%, d: %%d%, ch:  %%d%, len:   %%d%, data: %%DUMP%"
000004 084 "Dispatcher: time: %%d%, type:%%HHH%, s: %%d%, d: %%d%, ch:  %%d%, len:  %%d%, data: "
4156801 091 "Dispatcher: time: %%d%, type:%%HHH%, s: %%d%, d: %%d%, ch:  %%d%, len:  %%d%, data: %%DUMP%"
158378 090 "Dispatcher: time: %%d%, type:%%HHH%, s: %%d%, d: %%d%, ch:  %%d%, len: %%d%, data: %%DUMP%"
000002 036 "Dispatcher: to IFA ch:  %%d%, data: "
1207152 043 "Dispatcher: to IFA ch:  %%d%, data: %%DUMP%"
000001 143 "E_MAC%%H%Signal:%%d% trainPassedSignalPOP error, invalid train (radio loss/moved backwards?)!! seg:%%d% off:%%d% file:CDI_objects.cpp line:%%d%"
000001 092 "E_SEP%%H%<%%d%>LstLocTr::chkFVio: No front end in path. file:ListOfLocalTrains.cpp line:%%d%"
000001 095 "E_SEP%%H%Rev::crtRevArea: Signal %%d% without POP found under train file:Reversal.cpp line:%%d%"
000001 107 "E_SEP%%H%Rev::fillRevArea: At loc. S:%%d%/O:%%d% a not allowed points detected. file:Reversal.cpp line:%%d%"
000001 121 "E_SEP%%H%Rev::fillRevArea: At loc. S:%%d%/O:%%d% a not allowed points segment bndry detected. file:Reversal.cpp line:%%d%"
000462 058 "I_BAS%%H%# Build time of eob : Dec %%d% %%d%,%%H%%%d%:%%d%"
000462 058 "I_BAS%%H%# Current version   : WCU_ATP_%%d%.%%d%.%%d%.%%d%"
000462 038 "I_BAS%%H%# SRSignatur        : %%DUMP%"
000462 038 "I_BAS%%H%# XRSignatur        : %%DUMP%"
000924 080 "I_BAS%%H%#######################################################################"
514377 021 "I_BAS%%H%MSG_FROM_ANI"
543716 025 "I_BAS%%H%Send msg to ANI "
025992 026 "I_BAS%%H%Time of day: %%d%"
055439 017 "I_BAS%%H%do_Cycle"
020791 055 "I_LIF%%H%>>> ElementStatusIndication transmitted to CDI"
000114 047 "I_LIF%%H%>>> EventIndication transmitted to CDI"
391849 061 "I_LIF%%H%>>> MovementAuthority transmitted to OBCU, ID = %%d%"
055438 032 "I_LIF%%H%>>> On cycle: pinnng..."
000035 049 "I_LIF%%H%>>> Operation telegram received from CDI"
000035 052 "I_LIF%%H%>>> OperationAcknowledge transmitted to CDI"
075489 059 "I_LIF%%H%>>> OperationalData transmitted to OBCU, ID = %%d%"
458549 070 "I_LIF%%H%>>> PositionReport telegram received from OBCU; iVersion=%%d%"
000354 034 "I_LIF%%H%>>> Set TimeOfDay to %%d%"
055439 050 "I_LIF%%H%>>> StatusData telegram received from CDI"
055438 049 "I_LIF%%H%>>> StatusDataRequest transmitted to CDI"
000354 037 "I_LIF%%H%>>> TimeOfDay received: %%d%"
000008 072 "I_MAC%%H%  E-Zone:%%d%, actorID[%%d%]=%%d% restrictive=%%d% BoolVal=%%d%"
000007 072 "I_MAC%%H%  getSignalIdPOP sig=%%d% dir=%%d% type=%%d% ord=%%d% exit=%%d%"
000035 049 "I_MAC%%H%*** ATS command analization started! ***"
055439 049 "I_MAC%%H%*** SDT Arrived analization started! ***"
055439 042 "I_MAC%%H%*** SDT analization finished! ***"
000173 076 "I_MAC%%H%*** Sending Element Status Indication of element Crossing:%%d%. ***"
001057 081 "I_MAC%%H%*** Sending Element Status Indication of element PlatformTrack:%%d%. ***"
002814 073 "I_MAC%%H%*** Sending Element Status Indication of element Point:%%d%. ***"
003211 074 "I_MAC%%H%*** Sending Element Status Indication of element Signal:%%d%. ***"
013532 080 "I_MAC%%H%*** Sending Element Status Indication of element TrackSection:%%d%. ***"
000004 072 "I_MAC%%H%*** Sending Element Status Indication of element Zone:%%d%. ***"
000004 067 "I_MAC%%H%-- isPopOfSignal dest=%%d% type=%%d% at %%d%:%%d% dir=%%d%"
000004 034 "I_MAC%%H%-- isPopOfSignal ret=%%d%"
000035 038 "I_MAC%%H%Command accepted and handled."
000030 088 "I_MAC%%H%Command arrived to PlatformTrack type element with id:%%d% function number:%%d%"
000005 087 "I_MAC%%H%Command arrived to TrackSection type element with id:%%d% function number:%%d%"
000004 058 "I_MAC%%H%LTE timer start, pt=%%d%, t=%%d% %%d%:%%d% d=%%d%"
055438 017 "I_MAC%%H%On_Cycle"
001027 070 "I_MAC%%H%Platform:%%d% accessible:%%d%/%%d% stationDeparture:%%d%/%%d%"
000005 041 "I_MAC%%H%Set TSR command [NV]. speed:%%d%"
000947 076 "I_MAC%%H%Signal:%%d%  m_NoUTapproaching:%%d%->%%d% m_TrainStopped:%%d%->%%d%"
000437 047 "I_MAC%%H%Signal:%%d%  m_TrainStopped:%%d%->%%d%"
000868 066 "I_MAC%%H%Standstill detected, notify SEP; Signal:%%d% TrainID:%%d%"
1718578 048 "I_MAC%%H%calculateDriState: pf=%%d%, lower track"
1718578 048 "I_MAC%%H%calculateDriState: pf=%%d%, upper track"
1219636 112 "I_MAC%%H%calculatePlatformAccessible: pf=%%d%, lower track. TRA-State-Down=%%d%, AccStateDown=%%d%, AccDown=%%d%"
1219636 106 "I_MAC%%H%calculatePlatformAccessible: pf=%%d%, upper track. TRA-State-Up=%%d%, AccStateUp=%%d%, AccUp=%%d%"
000005 070 "I_MAC%%H%calculateSpeedLimit  MRS:%%d%  %%d% -> %%d%  v(a,l)=%%d%,%%d%"
001811 068 "I_MAC%%H%notify_AT_Approaching(signal=%%d%, appr=%%d%, trainID=%%d%)"
000004 054 "I_MAC%%H%notify_StopAssurance(signal=%%d%, train=%%d%)"
000437 064 "I_MAC%%H%notify_TrainStoppedAcknowledge(signal=%%d%, train=%%d%)"
1268862 066 "I_MAC%%H%pf:%%d% examine %%d%:%%d% .. +L=%%d%; traSt=%%d%; SS=%%d%"
000001 039 "I_MAC%%H%pf:%%d% examine %%d%:%%d%; tra"
449715 055 "I_MAC%%H%pf:%%d% examine %%d%:%%d%; traSt=%%d%; SS=%%d%"
000863 067 "I_MAC%%H%pf:%%d% state engine changed, eDepartureState:%%d% -> %%d%"
001833 070 "I_MAC%%H%pf:%%d% state engine changed, m_iAccessibleState:%%d% -> %%d%"
3437156 088 "I_MAC%%H%pfDriStateMachine(): bValid=%%d%, bCtcLevel=%%d%, iReversal=%%d%, ePfTraSt=%%d%"
3437156 057 "I_MAC%%H%pt=%%d%, iter=%%d%, newstate=%%d%, oldstate=%%d%"
000173 076 "I_MAC%%H%set_crossing_ATPVAC_and_TVD_Failure(id=%%d%, ATPVAC=%%d%, TVD=%%d%)"
002814 073 "I_MAC%%H%set_point_ATPVAC_and_TVD_Failure(id=%%d%, ATPVAC=%%d%, TVD=%%d%)"
013527 070 "I_MAC%%H%set_ts_ATPVAC_and_TVD_Failure(id=%%d%, ATPVAC=%%d%, TVD=%%d%)"
304913 049 "I_SEP%%H%   %%d%: S:   %%d% O:       %%d% D: %%d%"
003083 048 "I_SEP%%H%   %%d%: S:   %%d% O:      %%d% D: %%d%"
172847 047 "I_SEP%%H%   %%d%: S:   %%d% O:     %%d% D: %%d%"
491989 046 "I_SEP%%H%   %%d%: S:   %%d% O:    %%d% D: %%d%"
1272481 045 "I_SEP%%H%   %%d%: S:   %%d% O:   %%d% D: %%d%"
335480 044 "I_SEP%%H%   %%d%: S:   %%d% O:  %%d% D: %%d%"
394848 046 "I_SEP%%H% %%H% S:   %%d% O:       %%d% D: %%d%"
009042 045 "I_SEP%%H% %%H% S:   %%d% O:      %%d% D: %%d%"
198459 044 "I_SEP%%H% %%H% S:   %%d% O:     %%d% D: %%d%"
394324 043 "I_SEP%%H% %%H% S:   %%d% O:    %%d% D: %%d%"
714902 042 "I_SEP%%H% %%H% S:   %%d% O:   %%d% D: %%d%"
130950 041 "I_SEP%%H% %%H% S:   %%d% O:  %%d% D: %%d%"
377395 023 "I_SEP%%H% ExpPos.: %%d%"
377395 023 "I_SEP%%H% MinSFE.: %%d%"
377395 023 "I_SEP%%H% MinSRE.: %%d%"
377395 023 "I_SEP%%H% PathEnd: %%d%"
055438 030 "I_SEP%%H%-> Build and send WMA"
055439 030 "I_SEP%%H%-> Build and send WOD"
055439 031 "I_SEP%%H%-> Build and send WWHO"
055439 031 "I_SEP%%H%-> Build and send WWMA"
055439 031 "I_SEP%%H%-> Build and send WWOD"
055438 031 "I_SEP%%H%-> Check existing path"
055438 027 "I_SEP%%H%-> Check violation"
055439 032 "I_SEP%%H%-> Cleanup cycle values"
055438 035 "I_SEP%%H%-> Complete MA to the back"
055438 021 "I_SEP%%H%-> Eval. OPR"
055438 022 "I_SEP%%H%-> Eval. WWHO"
055438 022 "I_SEP%%H%-> Eval. WWMA"
055438 021 "I_SEP%%H%-> Expand MA"
055438 020 "I_SEP%%H%-> Gen. MAL"
055438 029 "I_SEP%%H%-> Init cycle values"
055438 034 "I_SEP%%H%-> Process list of trains"
055438 024 "I_SEP%%H%-> Upd. AT-Appr"
055438 020 "I_SEP%%H%-> Upd. DDI"
055438 039 "I_SEP%%H%-> Update list of local trains"
055438 034 "I_SEP%%H%-> shorten MA from behind"
198995 039 "I_SEP%%H%<%%d%>: CMA::bldMA: MinPL only"
014454 056 "I_SEP%%H%<%%d%>LstLclTr::bldSndWod: undef. MAL -> No WOD"
014454 068 "I_SEP%%H%<%%d%>LstLclTr::evalOpr: undef. MAL -> No evaluation of OPR"
377393 058 "I_SEP%%H%<%%d%>LstLclTr::expMa: Handover stop (if active)."
014454 050 "I_SEP%%H%<%%d%>LstLclTr::expMa: No exp. performed."
082404 054 "I_SEP%%H%<%%d%>LstLclTr::expMa: Z-MAL during expansion"
000879 085 "I_SEP%%H%<%%d%>LstLclTr::genMa: MAL len. for non-CTC train < min. value %%d% -> Z-MAL"
002058 046 "I_SEP%%H%<%%d%>LstLclTr::genMa: Z-MAL detected"
014454 063 "I_SEP%%H%<%%d%>LstLclTr::genMa: undef. MAL -> gen. MAL not done"
000081 048 "I_SEP%%H%<%%d%>MA::ChkTanInc: TAN inc. detected."
377394 049 "I_SEP%%H%<%%d%>MA::bldMaTel: Chk path consistency"
377395 063 "I_SEP%%H%<%%d%>MA::bldMaTel: MAL: T:%%d%/S:%%d%/O:%%d%/Sig:%%d%"
000731 056 "I_SEP%%H%<%%d%>MA::bldMaTel: Sig:%%d%: Aspect=SA_STOP_OS"
081954 044 "I_SEP%%H%<%%d%>MA::bldMaTel: V_MAL overrule!"
000860 058 "I_SEP%%H%<%%d%>MA::chkAtApp: at_app.(yes) gone -> TAN inc."
002993 046 "I_SEP%%H%<%%d%>MA::chkExP: New Cor -> TAN inc."
000745 049 "I_SEP%%H%<%%d%>MA::chkExP: New restr. -> TAN inc."
000071 041 "I_SEP%%H%<%%d%>MA::chkExP: Rev. finished."
001651 066 "I_SEP%%H%<%%d%>MA::doTanHndl: Rec. W-TAN <> own W-TAN -> lock exp."
000007 051 "I_SEP%%H%<%%d%>MA::evalOpr: OBCU-MAL-type detected."
000007 041 "I_SEP%%H%<%%d%>MA::evalOpr: W-TAN aligned"
2525662 053 "I_SEP%%H%<%%d%>MA::expMA: Chk. TRA-Map. S:%%d%/O:%%d%"
377393 034 "I_SEP%%H%<%%d%>MA::expMA: Finished"
023382 053 "I_SEP%%H%<%%d%>MA::expMA: MA-Restr.ign. S:%%d%/O:%%d%"
004636 053 "I_SEP%%H%<%%d%>MA::expMA: MAL %%d% will be used again"
377393 044 "I_SEP%%H%<%%d%>MA::expMA: Main loop finished"
002497 048 "I_SEP%%H%<%%d%>MA::expMA: No rev.-SP -> Shrt.MAL"
000166 054 "I_SEP%%H%<%%d%>MA::expMA: OP sig:%%d% will be verified"
022696 072 "I_SEP%%H%<%%d%>MA::expMA: Obst. found (TRA-loc. >= TDB-loc.) -> finished"
000190 056 "I_SEP%%H%<%%d%>MA::expMA: Obst.-MAL replaced by occ.-MAL"
079907 056 "I_SEP%%H%<%%d%>MA::expMA: Rev.-sig. not adm. -> Shrt.MAL"
1538956 058 "I_SEP%%H%<%%d%>MA::expMA: SM:Obst/St:%%d% at S:%%d%/O:%%d%"
021066 057 "I_SEP%%H%<%%d%>MA::expMA: SM:Occ/St:%%d% at S:%%d%/O:%%d%"
000700 054 "I_SEP%%H%<%%d%>MA::expMA: SP sig:%%d% will be verified"
377393 045 "I_SEP%%H%<%%d%>MA::expMA: Start S:%%d%/O:%%d%"
007783 057 "I_SEP%%H%<%%d%>MA::expMA: TRA_OA of Tr:%%d% S:%%d%/O:%%d%"
000402 057 "I_SEP%%H%<%%d%>MA::expMA: TRA_ON of Tr:%%d% S:%%d%/O:%%d%"
001053 046 "I_SEP%%H%<%%d%>MA::expMA: TRA_OT S:%%d%/O:%%d%"
007499 044 "I_SEP%%H%<%%d%>MA::expMA: VMAL S:%%d%/O:%%d%"
377393 038 "I_SEP%%H%<%%d%>MA::expMA: bDNtAdv:%%d%"
291771 026 "I_SEP%%H%<%%d%>MA::genVMa:"
000006 041 "I_SEP%%H%<%%d%>MA::getTrShrtAct: disabled"
000088 073 "I_SEP%%H%<%%d%>MA::hdlTrStp: Sig.%%d%: Ovlp no longer set -> reset state."
000088 049 "I_SEP%%H%<%%d%>MA::hndlTrStp: Sig:%%d%: Ack. sent"
000088 060 "I_SEP%%H%<%%d%>MA::hndlTrStp: Sig:%%d%: Notific. State reset"
000088 055 "I_SEP%%H%<%%d%>MA::hndlTrStp: Sig:%%d%: Start (TAN-Inc)"
244079 050 "I_SEP%%H%<%%d%>MA::hndlTrStp: Sig:%%d%: State:%%d%"
001832 042 "I_SEP%%H%<%%d%>MA::incWTan: New value:%%d%"
019016 035 "I_SEP%%H%<%%d%>MA::restrRrP: T:%%d%"
636829 060 "I_SEP%%H%<%%d%>MA::setVMalVar: T:%%d%/Sig:%%d%/S:%%d%/O:%%d%"
000007 046 "I_SEP%%H%<%%d%>MA::shortToTelML: New Type:%%d%"
173281 072 "I_SEP%%H%<%%d%>MA_expMA: Exp.-pos. corrected to sig.-pos.: S:%%d%/O:%%d%"
000032 063 "I_SEP%%H%<%%d%>SepM::freeTr: loc. train not in LOT -> released."
000034 046 "I_SEP%%H%<%%d%>SepM::procLot: Train is new loc"
004542 062 "I_SEP%%H%<%%d%>SepM::updLstLocTr: Front is susp. -> undef. MAL"
009912 065 "I_SEP%%H%<%%d%>SepM::updLstLocTr: Inval. MSRE state -> undef. MAL"
003201 082 "I_SEP%%H%<%%d%>SepM::updLstLocTr: Loc. train had restr. start-path -> cleanup path"
000051 064 "I_SEP%%H%<%%d%>SepM::updLstLocTr: Loc. train has new undef. MAL."
000027 068 "I_SEP%%H%<%%d%>SepM::updLstLocTr: Loc. train has no more undef. MAL."
003176 079 "I_SEP%%H%<%%d%>SepM::updLstLocTr: Loc. train has restr. in start path -> Z-MAL."
000028 073 "I_SEP%%H%<%%d%>SepM::updLstLocTr: Loc. train no longer automatic -> Z-MAL"
000210 072 "I_SEP%%H%<%%d%>SepM::updLstLocTr: No CTC terr. at rear end -> undef. MAL"
001043 061 "I_SEP%%H%<%%d%>SepM::updLstLocTr: OPM_CM active -> undef. MAL"
391847 039 "I_SEP%%H%<%%d%>SepM::updLstLocTr: START"
009912 065 "I_SEP%%H%<%%d%>SepM::updLstLocTr: Train not tracked -> undef. MAL"
000006 070 "I_SEP%%H%<%%d%>SepM::updLstLocTr: Unable to create rev. path -> Z-MAL."
000084 060 "I_SEP%%H%<%%d%>SepM::updLstLocTr: rev. mechanism activ: %%d%"
173993 044 "I_SEP%%H%<%%d%>locTr::cZM: set Z-MAL w. path"
003814 073 "I_SEP%%H%<%%d%>locTr::cclAtAppAlSig: no standstill -> AtApproach('lock')."
005996 068 "I_SEP%%H%<%%d%>locTr::cclAtAppAlSig: standstill -> AtApproach('no')."
000004 043 "I_SEP%%H%<%%d%>locTr::compPos: SFCT-CM Left"
000026 035 "I_SEP%%H%<%%d%>locTr::compPos: SFST"
181195 046 "I_SEP%%H%<%%d%>locTr::compPos: Tr. moved forw."
000318 043 "I_SEP%%H%<%%d%>locTr::compPos: moved backw."
195795 045 "I_SEP%%H%<%%d%>locTr::compPos: pos. unchanged"
000047 055 "I_SEP%%H%<%%d%>locTr::compPos: rev. dir. - inside path."
000007 056 "I_SEP%%H%<%%d%>locTr::compPos: rev. dir. - outside path."
009912 055 "I_SEP%%H%<%%d%>locTr::updMSREst: not tracked -> invalid"
000030 045 "I_SEP%%H%<%%d%>locTr::updMSREst: now CTC terr"
000046 053 "I_SEP%%H%<%%d%>updMSREst::updMSREst: Susp. mark gone."
000013 054 "I_SEP%%H%<%%d%>updMSREst::updMSREst: now non-CTC terr."
000046 051 "I_SEP%%H%<%%d%>updMSREst::updMSREst: now susp. mark"
000079 052 "I_SEP%%H%<%%d%>updMSREst::updSSt: now no susp. mark."
000028 061 "I_SEP%%H%<%%d%SepM::updLstLocTr: Sig. at_app. states updated."
133567 077 "I_SEP%%H%CElChk::vMaTpPPos: Max. path length overstepped -> VM_OTHER_IXL_COND"
000001 054 "I_SEP%%H%CMA_PathPosBuffer::advanceToNextPathChange: S"
332956 073 "I_SEP%%H%CMA_PathPosBuffer::advanceToNextPathChange: S:%%d%/O:%%d%/D:%%d%"
000774 061 "I_SEP%%H%CPEval::SFCTMet: Advance dist. %%d% at S:%%d%/O:%%d%"
391852 034 "I_SEP%%H%CoR::oStat: A:%%d% U:%%d%"
040802 050 "I_SEP%%H%Cor::sCoR: New CoR added: Tp:%%d% Id:%%d%"
000237 056 "I_SEP%%H%CorEl: Tp:%%d%/Id:%%d% not in WMA - SUP passed."
025639 073 "I_SEP%%H%CorEl: Tp:%%d%/Id:%%d% not in WMA - ahead of till-here-location."
000003 081 "I_SEP%%H%CorEl::tr: SV: S:  %%d%/O:    %%d%  POP: S:   %%d%/O:     %%d%  Tp: %%d%"
000003 076 "I_SEP%%H%CorEl::tr: SV: S:  %%d%/O:    %%d%  POP: S:   %%d%/O:%%d%  Tp: %%d%"
000009 080 "I_SEP%%H%CorEl::tr: SV: S:  %%d%/O:   %%d%  POP: S:   %%d%/O:     %%d%  Tp: %%d%"
000012 075 "I_SEP%%H%CorEl::tr: SV: S:  %%d%/O:   %%d%  POP: S:   %%d%/O:%%d%  Tp: %%d%"
001488 079 "I_SEP%%H%CorEl::tr: SV: S:  %%d%/O:  %%d%  POP: S:   %%d%/O:     %%d%  Tp: %%d%"
000009 078 "I_SEP%%H%CorEl::tr: SV: S:  %%d%/O:  %%d%  POP: S:   %%d%/O:    %%d%  Tp: %%d%"
000779 077 "I_SEP%%H%CorEl::tr: SV: S:  %%d%/O:  %%d%  POP: S:   %%d%/O:   %%d%  Tp: %%d%"
021916 076 "I_SEP%%H%CorEl::tr: SV: S:  %%d%/O:  %%d%  POP: S:   %%d%/O:  %%d%  Tp: %%d%"
000066 074 "I_SEP%%H%CorEl::tr: SV: S:  %%d%/O:  %%d%  POP: S:   %%d%/O:%%d%  Tp: %%d%"
000159 075 "I_SEP%%H%CorEl::tr: SV: S:  %%d%/O: %%d%  POP: S:   %%d%/O:  %%d%  Tp: %%d%"
039708 074 "I_SEP%%H%CorEl::tr: SV: S:  %%d%/O: %%d%  POP: S:   %%d%/O: %%d%  Tp: %%d%"
000078 073 "I_SEP%%H%CorEl::tr: SV: S:  %%d%/O:%%d%  POP: S:   %%d%/O: %%d%  Tp: %%d%"
010820 072 "I_SEP%%H%CorEl::tr: SV: S:  %%d%/O:%%d%  POP: S:   %%d%/O:%%d%  Tp: %%d%"
067777 070 "I_SEP%%H%CorEl::updCrAtPos: Add CoR: Tp:%%d%/Id:%%d% to S:%%d%/O:%%d%:"
332385 047 "I_SEP%%H%CorLG::chkLG: Chk CoR: Tp:%%d%/Id:%%d%"
440365 065 "I_SEP%%H%CorLG::fVioExt: Chk flnk: S:%%d%/O:%%d%/D:%%d%/Dist:%%d%"
097237 061 "I_SEP%%H%CorLG::fVioExt: Conv. pt found: S:%%d%/O:%%d%/D:%%d%"
001089 070 "I_SEP%%H%CorLG::fVioExt: EoT or WCU bound. found: S:%%d%/O:%%d%/D:%%d%"
014463 060 "I_SEP%%H%CorLG::fVioExt: Opp. SP found: S:%%d%/O:%%d%/D:%%d%"
001563 065 "I_SEP%%H%CorLG::fVioExt: TRA-state at S:%%d%/O:%%d%/D:%%d% = %%d%"
001304 055 "I_SEP%%H%CorLG::fVioExt: TRA_OT ignored. AT on same TVS"
000830 050 "I_SEP%%H%CorLG::fVioExt: TVS to COR_WMA list: %%d%"
001967 053 "I_SEP%%H%CorLG::fVioExt: VMAL at S:%%d%/O:%%d%/D:%%d%"
000237 075 "I_SEP%%H%CorTS::gtShrtDist: Sup.-loc. (corrected) passed (Tp:%%d%/Id:%%d%)."
666920 067 "I_SEP%%H%LstWcuBndry::selWcuBndry: Bndry. not found - S:%%d%/O:%%d%"
377394 039 "I_SEP%%H%MaPPB::chkPathCons: consistent"
280078 041 "I_SEP%%H%MaPPB::delUnimpPP: S:%%d%/O:%%d%"
289713 049 "I_SEP%%H%NvMalGen::chkNvCCB: T:%%d%/S:%%d%/O:%%d%"
289713 048 "I_SEP%%H%NvMalGen::chkNvPA: T:%%d%/S:%%d%/O:%%d%"
289713 049 "I_SEP%%H%NvMalGen::chkNvSTS: T:%%d%/S:%%d%/O:%%d%"
039899 036 "I_SEP%%H%NvMalGen::chkNvmPA: Id:%%d%"
243618 031 "I_SEP%%H%PC::add: S:%%d%/T:%%d%"
243624 031 "I_SEP%%H%PC::del: S:%%d%/T:%%d%"
2898332 046 "I_SEP%%H%PC::gNRO: S:%%d%/O:%%d%/D:%%d%->%%d% "
6863982 050 "I_SEP%%H%PC::gTIdO: S:%%d%/O:%%d% -> R:%%d%/T:%%d%"
1562518 038 "I_SEP%%H%PEva::complPPE: S:%%d%/O:%%d%"
008403 074 "I_SEP%%H%PEva::getPltfStP: Can not determine platform entry stopping point"
000731 034 "I_SEP%%H%PEva::isOvlpUs: OP found."
011476 037 "I_SEP%%H%PEva::isOvlpUs: OP not found"
000020 041 "I_SEP%%H%PEva::isOvlpUs: Restr. detected."
000030 051 "I_SEP%%H%PEva::posInFrnt: Pos. equal or behind MSFE"
003970 044 "I_SEP%%H%PEva::posInFrnt: Pos. in front MSFE"
000007 062 "I_SEP%%H%PEva::shortMa: Del. path from S:%%d%/O:%%d% till end."
000213 078 "I_SEP%%H%PEva::tdbAdv: Inv. or inconsistent point pos. path: %%d% or CDI %%d%."
165487 057 "I_SEP%%H%PEva::updtOF: Update S:%%d%/O:%%d% to value %%d%"
000298 043 "I_SEP%%H%Rev::addLteRevArea: Id:%%d%/T:%%d%"
000006 031 "I_SEP%%H%Rev::crtRevArea: ERROR"
000078 057 "I_SEP%%H%Rev::fillRevArea: Rev. SP %%d% found -> finished"
000078 048 "I_SEP%%H%Rev::fillRevArea: Rev. sig. %%d% found."
055438 027 "I_SEP%%H%SepM::OnCyc: START"
000868 036 "I_SEP%%H%SepM::hdlTrStp:%%d%/Tr:%%d%"
013741 068 "I_SEP%%H%TraMapEval::setNxtTrSp: Next train (%%d%) speed set to %%d%"
000024 084 "I_SEP%%H%VMalGen::chkSigMal: MAL 'VM_SIG_NO_OS_CTC' reset. Limit within short. dist."
000213 077 "I_SEP%%H%VMalGen::chkSigMal: MAL 'VM_SIG_OS_CTC' reset. Limit within overlap."
057151 051 "I_SEP%%H%VMalGen::genVMal: Bumper POP at path limit"
000011 071 "I_SEP%%H%VMalGen::genVMal: CBB violated -> No short. dist. for CBB set."
092129 062 "I_SEP%%H%VMalGen::genVMal: Limit-Type %%d% at path limit found"
291771 061 "I_SEP%%H%VMalGen::genVMal: Next limit: T:%%d%/S:%%d%/O.: %%d%"
291771 071 "I_SEP%%H%VMalGen::genVMal: rem. short. Dist:%%d%/limit under train:%%d%"
002115 069 "I_SEP%%H%VMalGen::getDist.Cbb: Occ. TVS by NRT detected S:%%d%/O:%%d%"
060001 082 "I_SEP%%H%VMalGen::getDistCbb: EOT or BP detected -> no TVS found -> no CBB needed."
002104 055 "I_SEP%%H%VMalGen::getTvsBackDist: Backw. TVS dist:%%d%."
000011 081 "I_SEP%%H%VMalGen::getTvsBackdist: Path left or MSFE found -> max. dist. returned."
007630 077 "I_SEP%%H%VMalGen::redMal: El. T:%%d%/Id:%%d% is restr. at loc. S:%%d%/O:%%d%."
007630 078 "I_SEP%%H%VMalGen::redMal: Restr. Sig:%%d% already defines MAL -> no add. work."
000042 036 "I_SEP%%H%maPE::admLost: TRUE Id:%%d%"
042424 049 "I_SEP%%H%maPE::chkPntDat: RESTR. El:%%d%/Lvl:%%d%"
184221 049 "I_SEP%%H%maPE::chkSigDat: RESTR. El:%%d%/Lvl:%%d%"
118606 048 "I_SEP%%H%maPE::chkTSDat: RESTR. El:%%d%/Lvl:%%d%"
000008 036 "I_SEP%%H%maPE::dirChng: TRUE Id:%%d%"
159076 036 "I_SEP%%H%maPE::dirColl: TRUE Id:%%d%"
000012 041 "I_SEP%%H%maPE::flnkProtLost: TRUE Id:%%d%"
000536 041 "I_SEP%%H%maPE::overlSupLost: TRUE Id:%%d%"
001438 041 "I_SEP%%H%maPE::sigAspMbLost: TRUE Id:%%d%"
403270 047 "I_SEP%%H%maPE::stInst: El:%%d% in revers. state"
003380 039 "I_SEP%%H%maPE::supPosColl: TRUE Id:%%d%"
165487 074 "I_SEP%%H%maPE::updOvlpFlg: Upd. overlp. flg. El:%%d%/Id:%%d% to value:%%d%"
000021 042 "I_TRA%%H%ACTDELETES %%d%'%%d%'%%d%        "
662806 031 "I_TRA%%H%ACTREP id=%%d%        "
2496311 031 "I_TRA%%H%ACTREV id=%%d%        "
777837 035 "I_TRA%%H%ACTREV%%d% id=%%d%        "
1334591 032 "I_TRA%%H%ACTSTOP id=%%d%        "
039037 041 "I_TRA%%H%ACTSTORES %%d%'%%d%'%%d%        "
910585 033 "I_TRA%%H%ACTYIELD id=%%d%        "
000029 050 "I_TRA%%H%ADDTRAIN %%d%, %%d%, (%%d%, %%d%)        "
000001 062 "I_TRA%%H%ADDTRAIN %%d%, %%d%, (%%d%, %%d%, %%d%, %%d%)        "
000056 050 "I_TRA%%H%CHGTRAIN %%d%, %%d%, (%%d%, %%d%)        "
000001 062 "I_TRA%%H%CHGTRAIN %%d%, %%d%, (%%d%, %%d%, %%d%, %%d%)        "
039111 067 "I_TRA%%H%CTiS create: id=%%d%'%%d%'%%d%, tvs=%%d%, lte=%%d%        "
000053 048 "I_TRA%%H%DELETES %%d%'%%d%'%%d% tvs=%%d%        "
000028 050 "I_TRA%%H%DELTRAIN %%d%, %%d%, (%%d%, %%d%)        "
010380 093 "I_TRA%%H%Disregard position report from train: %%d%, reason: localisation not secure.        "
509351 027 "I_TRA%%H%EXEC begin        "
509351 030 "I_TRA%%H%EXEC complete        "
216530 068 "I_TRA%%H%JOIN CTi %%d%'%%d%'%%d% and %%d%'%%d%'%%d%, cOriNeg        "
216471 068 "I_TRA%%H%JOIN CTi %%d%'%%d%'%%d% and %%d%'%%d%'%%d%, cOriPos        "
000026 073 "I_TRA%%H%LAUNCH id=%%d%, state=%%d%, curTi=%%d%'%%d%'%%d% cOriNeg        "
661862 125 "I_TRA%%H%LAUNCH id=%%d%, state=%%d%, curTi=%%d%'%%d%'%%d% cOriNeg, trainId=%%d%, xf=%%d%'%%d%'%%d%, xr=%%d%'%%d%'%%d%        "
007659 073 "I_TRA%%H%LAUNCH id=%%d%, state=%%d%, curTi=%%d%'%%d%'%%d% cOriPos        "
659155 125 "I_TRA%%H%LAUNCH id=%%d%, state=%%d%, curTi=%%d%'%%d%'%%d% cOriPos, trainId=%%d%, xf=%%d%'%%d%'%%d%, xr=%%d%'%%d%'%%d%        "
000083 039 "I_TRA%%H%LTESTATE cr=%%d% CL:OK        "
000081 040 "I_TRA%%H%LTESTATE cr=%%d% OAT:OK        "
000009 041 "I_TRA%%H%LTESTATE cr=%%d% ONAT:OK        "
001352 039 "I_TRA%%H%LTESTATE pt=%%d% CL:OK        "
001330 040 "I_TRA%%H%LTESTATE pt=%%d% OAT:OK        "
000132 041 "I_TRA%%H%LTESTATE pt=%%d% ONAT:OK        "
006437 039 "I_TRA%%H%LTESTATE ts=%%d% CL:OK        "
006276 040 "I_TRA%%H%LTESTATE ts=%%d% OAT:OK        "
000011 039 "I_TRA%%H%LTESTATE ts=%%d% OD:OK        "
000803 041 "I_TRA%%H%LTESTATE ts=%%d% ONAT:OK        "
000175 050 "I_TRA%%H%POINTRAWPOS pt=%%d% pos=POS_MINUS        "
000175 049 "I_TRA%%H%POINTRAWPOS pt=%%d% pos=POS_PLUS        "
000350 050 "I_TRA%%H%POINTRAWPOS pt=%%d% pos=POS_UNDEF        "
2824654 050 "I_TRA%%H%SETTRST ti=%%d%'%%d%'%%d%, CA->CA        "
000198 050 "I_TRA%%H%SETTRST ti=%%d%'%%d%'%%d%, CA->CN        "
009002 050 "I_TRA%%H%SETTRST ti=%%d%'%%d%'%%d%, CA->CR        "
209245 050 "I_TRA%%H%SETTRST ti=%%d%'%%d%'%%d%, CA->OA        "
000002 050 "I_TRA%%H%SETTRST ti=%%d%'%%d%'%%d%, CA->OC        "
000081 050 "I_TRA%%H%SETTRST ti=%%d%'%%d%'%%d%, CN->CA        "
090509 050 "I_TRA%%H%SETTRST ti=%%d%'%%d%'%%d%, CN->CN        "
000234 050 "I_TRA%%H%SETTRST ti=%%d%'%%d%'%%d%, CN->CR        "
000003 050 "I_TRA%%H%SETTRST ti=%%d%'%%d%'%%d%, CN->OA        "
000188 050 "I_TRA%%H%SETTRST ti=%%d%'%%d%'%%d%, CN->OC        "
004355 050 "I_TRA%%H%SETTRST ti=%%d%'%%d%'%%d%, CN->ON        "
000022 050 "I_TRA%%H%SETTRST ti=%%d%'%%d%'%%d%, CN->OT        "
008730 050 "I_TRA%%H%SETTRST ti=%%d%'%%d%'%%d%, CR->CA        "
000067 050 "I_TRA%%H%SETTRST ti=%%d%'%%d%'%%d%, CR->CN        "
006142 050 "I_TRA%%H%SETTRST ti=%%d%'%%d%'%%d%, CR->OA        "
000001 050 "I_TRA%%H%SETTRST ti=%%d%'%%d%'%%d%, CR->OC        "
000168 050 "I_TRA%%H%SETTRST ti=%%d%'%%d%'%%d%, CR->ON        "
000012 050 "I_TRA%%H%SETTRST ti=%%d%'%%d%'%%d%, CR->OT        "
000849 050 "I_TRA%%H%SETTRST ti=%%d%'%%d%'%%d%, CT->CA        "
000049 050 "I_TRA%%H%SETTRST ti=%%d%'%%d%'%%d%, CT->CN        "
000711 050 "I_TRA%%H%SETTRST ti=%%d%'%%d%'%%d%, CT->OA        "
000015 050 "I_TRA%%H%SETTRST ti=%%d%'%%d%'%%d%, CT->OC        "
000101 050 "I_TRA%%H%SETTRST ti=%%d%'%%d%'%%d%, CT->ON        "
019894 050 "I_TRA%%H%SETTRST ti=%%d%'%%d%'%%d%, CT->OT        "
202205 050 "I_TRA%%H%SETTRST ti=%%d%'%%d%'%%d%, OA->CA        "
000002 050 "I_TRA%%H%SETTRST ti=%%d%'%%d%'%%d%, OA->CN        "
000356 050 "I_TRA%%H%SETTRST ti=%%d%'%%d%'%%d%, OA->CR        "
018698 050 "I_TRA%%H%SETTRST ti=%%d%'%%d%'%%d%, OA->CT        "
1373557 050 "I_TRA%%H%SETTRST ti=%%d%'%%d%'%%d%, OA->OA        "
000012 050 "I_TRA%%H%SETTRST ti=%%d%'%%d%'%%d%, OA->OC        "
000036 050 "I_TRA%%H%SETTRST ti=%%d%'%%d%'%%d%, OA->ON        "
000894 050 "I_TRA%%H%SETTRST ti=%%d%'%%d%'%%d%, OA->OT        "
000001 050 "I_TRA%%H%SETTRST ti=%%d%'%%d%'%%d%, OC->CA        "
000397 050 "I_TRA%%H%SETTRST ti=%%d%'%%d%'%%d%, OC->CN        "
000022 050 "I_TRA%%H%SETTRST ti=%%d%'%%d%'%%d%, OC->CR        "
000002 050 "I_TRA%%H%SETTRST ti=%%d%'%%d%'%%d%, OC->CT        "
005900 050 "I_TRA%%H%SETTRST ti=%%d%'%%d%'%%d%, OC->OC        "
000012 050 "I_TRA%%H%SETTRST ti=%%d%'%%d%'%%d%, OC->ON        "
000001 050 "I_TRA%%H%SETTRST ti=%%d%'%%d%'%%d%, ON->CA        "
006417 050 "I_TRA%%H%SETTRST ti=%%d%'%%d%'%%d%, ON->CN        "
000031 050 "I_TRA%%H%SETTRST ti=%%d%'%%d%'%%d%, ON->CR        "
001132 050 "I_TRA%%H%SETTRST ti=%%d%'%%d%'%%d%, ON->CT        "
000063 050 "I_TRA%%H%SETTRST ti=%%d%'%%d%'%%d%, ON->OA        "
000008 050 "I_TRA%%H%SETTRST ti=%%d%'%%d%'%%d%, ON->OC        "
047990 050 "I_TRA%%H%SETTRST ti=%%d%'%%d%'%%d%, ON->ON        "
000099 050 "I_TRA%%H%SETTRST ti=%%d%'%%d%'%%d%, ON->OT        "
000020 050 "I_TRA%%H%SETTRST ti=%%d%'%%d%'%%d%, OT->CA        "
000038 050 "I_TRA%%H%SETTRST ti=%%d%'%%d%'%%d%, OT->CN        "
000946 050 "I_TRA%%H%SETTRST ti=%%d%'%%d%'%%d%, OT->CT        "
000021 050 "I_TRA%%H%SETTRST ti=%%d%'%%d%'%%d%, OT->OA        "
000186 050 "I_TRA%%H%SETTRST ti=%%d%'%%d%'%%d%, OT->OC        "
002974 050 "I_TRA%%H%SETTRST ti=%%d%'%%d%'%%d%, OT->ON        "
022314 048 "I_TRA%%H%SETTRST ti=%%d%'%%d%'%%d%, S->S        "
218769 058 "I_TRA%%H%SPLIT CTi %%d%'%%d%'%%d% at %%d%, cOriNeg        "
214235 058 "I_TRA%%H%SPLIT CTi %%d%'%%d%'%%d% at %%d%, cOriPos        "
000016 048 "I_TRA%%H%SPP id=%%d%, position=POS_MINUS        "
000020 047 "I_TRA%%H%SPP id=%%d%, position=POS_PLUS        "
000001 063 "I_TRA%%H%STEP id=%%d%, state=%%d%, curTi=%%d%'%%d%'%%d% cOriNeg"
000001 088 "I_TRA%%H%STEP id=%%d%, state=%%d%, curTi=%%d%'%%d%'%%d% cOriNeg len=%%d% sign=%%d%      "
2899128 090 "I_TRA%%H%STEP id=%%d%, state=%%d%, curTi=%%d%'%%d%'%%d% cOriNeg len=%%d% sign=%%d%        "
2817371 091 "I_TRA%%H%STEP id=%%d%, state=%%d%, curTi=%%d%'%%d%'%%d% cOriNeg len=%%d% sign=-%%d%        "
1904382 091 "I_TRA%%H%STEP id=%%d%, state=%%d%, curTi=%%d%'%%d%'%%d% cOriNeg len=-%%d% sign=%%d%        "
1099450 092 "I_TRA%%H%STEP id=%%d%, state=%%d%, curTi=%%d%'%%d%'%%d% cOriNeg len=-%%d% sign=-%%d%        "
2757091 090 "I_TRA%%H%STEP id=%%d%, state=%%d%, curTi=%%d%'%%d%'%%d% cOriPos len=%%d% sign=%%d%        "
2915261 091 "I_TRA%%H%STEP id=%%d%, state=%%d%, curTi=%%d%'%%d%'%%d% cOriPos len=%%d% sign=-%%d%        "
1944835 091 "I_TRA%%H%STEP id=%%d%, state=%%d%, curTi=%%d%'%%d%'%%d% cOriPos len=-%%d% sign=%%d%        "
971197 092 "I_TRA%%H%STEP id=%%d%, state=%%d%, curTi=%%d%'%%d%'%%d% cOriPos len=-%%d% sign=-%%d%        "
000133 054 "I_TRA%%H%SUS_GEO_COND %%d%'%%d%'%%d%, tvs=%%d%        "
000080 040 "I_TRA%%H%SUS_IDLE %%d%'%%d%'%%d%        "
000056 042 "I_TRA%%H%SUS_PROVEN %%d%'%%d%'%%d%        "
002473 048 "I_TRA%%H%TVSPHYVAC tvs=%%d% phyVac=Clear        "
002473 051 "I_TRA%%H%TVSPHYVAC tvs=%%d% phyVac=Occupied        "
000114 072 "I_TRA%%H%T_msg_WCU_CDI_EventIndication telegram was sent to LIF.        "
003103 073 "I_TRA%%H%isAtLocatedOnTvs: Freshness=%%d%, isAt=%%d%, isLock=%%d%        "
000049 060 "I_TRA%%H%isAtLocatedOnTvs: LastTvs=%%d%, LastOa=%%d%        "
000114 048 "I_TRA%%H%spp id=%%d%, position=POS_MINUS        "
000111 047 "I_TRA%%H%spp id=%%d%, position=POS_PLUS        "
596130 086 "Input: Cycle %%HH% %%d% @%%d%:  %%d%*   %%d%*   %%d%*   %%d%*   %%d%*   %%d%*   %%d%* "
000108 120 "Input: End   @%%d%       %%d%   %%d%   %%d%   %%d%   %%d%   %%d%   %%d%  %%d% (SoffSon/sXR+App+sWL+base+dly+out=SoffSon)"
057411 119 "Input: End   @%%d%       %%d%   %%d%   %%d%   %%d%   %%d%  %%d%   %%d%  %%d% (SoffSon/sXR+App+sWL+base+dly+out=SoffSon)"
000015 119 "Input: End   @%%d%       %%d%   %%d%   %%d%   %%d%  %%d%   %%d%   %%d%  %%d% (SoffSon/sXR+App+sWL+base+dly+out=SoffSon)"
000010 118 "Input: End   @%%d%       %%d%   %%d%   %%d%   %%d%  %%d%  %%d%   %%d%  %%d% (SoffSon/sXR+App+sWL+base+dly+out=SoffSon)"
005266 119 "Input: End   @%%d%       %%d%   %%d%   %%d%  %%d%   %%d%   %%d%   %%d%  %%d% (SoffSon/sXR+App+sWL+base+dly+out=SoffSon)"
000003 118 "Input: End   @%%d%       %%d%   %%d%   %%d%  %%d%  %%d%   %%d%   %%d%  %%d% (SoffSon/sXR+App+sWL+base+dly+out=SoffSon)"
000003 119 "Input: End   @%%d%       %%d%   %%d%  %%d%   %%d%   %%d%   %%d%   %%d%  %%d% (SoffSon/sXR+App+sWL+base+dly+out=SoffSon)"
000030 118 "Input: End   @%%d%       %%d%   %%d%  %%d%  %%d%   %%d%   %%d%   %%d%  %%d% (SoffSon/sXR+App+sWL+base+dly+out=SoffSon)"
000002 119 "Input: End   @%%d%       %%d%  %%d%   %%d%   %%d%   %%d%   %%d%   %%d%  %%d% (SoffSon/sXR+App+sWL+base+dly+out=SoffSon)"
001140 119 "Input: End   @%%d%      %%d%   %%d%   %%d%   %%d%   %%d%   %%d%   %%d%  %%d% (SoffSon/sXR+App+sWL+base+dly+out=SoffSon)"
482258 118 "Input: End   @%%d%      %%d%   %%d%   %%d%   %%d%   %%d%  %%d%   %%d%  %%d% (SoffSon/sXR+App+sWL+base+dly+out=SoffSon)"
000117 118 "Input: End   @%%d%      %%d%   %%d%   %%d%   %%d%  %%d%   %%d%   %%d%  %%d% (SoffSon/sXR+App+sWL+base+dly+out=SoffSon)"
000083 117 "Input: End   @%%d%      %%d%   %%d%   %%d%   %%d%  %%d%  %%d%   %%d%  %%d% (SoffSon/sXR+App+sWL+base+dly+out=SoffSon)"
049429 118 "Input: End   @%%d%      %%d%   %%d%   %%d%  %%d%   %%d%   %%d%   %%d%  %%d% (SoffSon/sXR+App+sWL+base+dly+out=SoffSon)"
000024 117 "Input: End   @%%d%      %%d%   %%d%   %%d%  %%d%  %%d%   %%d%   %%d%  %%d% (SoffSon/sXR+App+sWL+base+dly+out=SoffSon)"
000022 118 "Input: End   @%%d%      %%d%   %%d%  %%d%   %%d%   %%d%   %%d%   %%d%  %%d% (SoffSon/sXR+App+sWL+base+dly+out=SoffSon)"
000204 117 "Input: End   @%%d%      %%d%   %%d%  %%d%  %%d%   %%d%   %%d%   %%d%  %%d% (SoffSon/sXR+App+sWL+base+dly+out=SoffSon)"
000004 118 "Input: End   @%%d%      %%d%  %%d%   %%d%   %%d%   %%d%   %%d%   %%d%  %%d% (SoffSon/sXR+App+sWL+base+dly+out=SoffSon)"
000001 117 "Input: End   @%%d%      %%d%  %%d%   %%d%  %%d%   %%d%   %%d%   %%d%  %%d% (SoffSon/sXR+App+sWL+base+dly+out=SoffSon)"
000001 025 "Input: Read  %%d%:@%%d%  "
4172909 032 "Input: Read  %%d%:@%%d%  %%DUMP%"
596130 046 "Input: sync src:%%d% offsets %%d% i i i i i i "
014193 030 "Memorycheck: Completed:%%DUMP%"
000001 074 "Memorycheck:================  T S T - D O N E ============================"
000002 028 "Output: Write          %%d%:"
4187105 035 "Output: Write          %%d%:%%DUMP%"
044458 069 "RedPDS (src\redpds_main.cpp, %%d%): received msg, code %%HH%: %%DUMP%"
007520 090 "RedPDS: chan %%d%: send RFC-%%d% msg, hnd %%HH%, from %%HH% / %%d% to %%d% / %%d%: %%DUMP%"
019552 086 "RedPDS: chan %%d%: send UDP msg, hnd %%HH%, from %%HH% / %%d% to %%HH% / %%d%: %%DUMP%"
002589 054 "RedPDS: chan %%d%: send msg to appl mbx %%HH%: %%DUMP%"
000596 061 "SYSTEM HEAP  <maxMem: %%d% kB; used: %%d% kB ; free: %%d% kB>"
000001 016 "St=%%d%; SS=%%d%"
000004 066 "Timer: Input in timer; Type = %%d% (%%HH%), Channel = %%d%, Data: "
2214729 073 "Timer: Input in timer; Type = %%d% (%%HH%), Channel = %%d%, Data: %%DUMP%"
1618603 068 "Timer: New timer %%d%ms long, expires at %%d%ms, %%d% timer running."
1618601 045 "Timer: Timer %%d%ms, added delay_time %%d%ms."
1618600 072 "Timer: expire Timer at %%d%ms, XR systemtime %%d%ms, %%d% timer running."
000013 103 "W_MAC%%H%Signal:%%d% another train %%d% just passed POP, expected %%d% ! file:CDI_objects.cpp line:%%d%"
000008 106 "W_MAC%%H%VAL_IXLELEMENT_%%d% For Boolean(id:%%d%) Value is changed %%d%->%%d% file:SDTReader.cpp line:%%d%"
000068 115 "W_MAC%%H%VAL_IXLELEMENT_%%d% For Crossing(id:%%d%) Admissibility is changed %%d%->%%d% file:SDTReader.cpp line:%%d%"
000068 111 "W_MAC%%H%VAL_IXLELEMENT_%%d% For Crossing(id:%%d%) Direction is changed %%d%->%%d% file:SDTReader.cpp line:%%d%"
000068 117 "W_MAC%%H%VAL_IXLELEMENT_%%d% For Crossing(id:%%d%) FlankProtection is changed %%d%->%%d% file:SDTReader.cpp line:%%d%"
000068 110 "W_MAC%%H%VAL_IXLELEMENT_%%d% For Crossing(id:%%d%) Position is changed %%d%->%%d% file:SDTReader.cpp line:%%d%"
002501 112 "W_MAC%%H%VAL_IXLELEMENT_%%d% For Point(id:%%d%) Admissibility is changed %%d%->%%d% file:SDTReader.cpp line:%%d%"
002499 108 "W_MAC%%H%VAL_IXLELEMENT_%%d% For Point(id:%%d%) Direction is changed %%d%->%%d% file:SDTReader.cpp line:%%d%"
002505 114 "W_MAC%%H%VAL_IXLELEMENT_%%d% For Point(id:%%d%) FlankProtection is changed %%d%->%%d% file:SDTReader.cpp line:%%d%"
000700 117 "W_MAC%%H%VAL_IXLELEMENT_%%d% For Point(id:%%d%) SupervisedPosition is changed %%d%->%%d% file:SDTReader.cpp line:%%d%"
001713 113 "W_MAC%%H%VAL_IXLELEMENT_%%d% For Signal(id:%%d%) Admissibility is changed %%d%->%%d% file:SDTReader.cpp line:%%d%"
001819 118 "W_MAC%%H%VAL_IXLELEMENT_%%d% For Signal(id:%%d%) OverlapSupervision is changed %%d%->%%d% file:SDTReader.cpp line:%%d%"
001824 115 "W_MAC%%H%VAL_IXLELEMENT_%%d% For Signal(id:%%d%) SignalAspectATP is changed %%d%->%%d% file:SDTReader.cpp line:%%d%"
000134 115 "W_MAC%%H%VAL_IXLELEMENT_%%d% For Signal(id:%%d%) SignalAspectNAT is changed %%d%->%%d% file:SDTReader.cpp line:%%d%"
011594 119 "W_MAC%%H%VAL_IXLELEMENT_%%d% For TrackSection(id:%%d%) Admissibility is changed %%d%->%%d% file:SDTReader.cpp line:%%d%"
011594 115 "W_MAC%%H%VAL_IXLELEMENT_%%d% For TrackSection(id:%%d%) Direction is changed %%d%->%%d% file:SDTReader.cpp line:%%d%"
004946 128 "W_MAC%%H%VAL_IXLELEMENT_%%d% For TrackVacancySection(id:%%d%) PhysicalVacancy is changed %%d%->%%d% file:SDTReader.cpp line:%%d%"
000307 102 "_%%d%_%%d%_%%d%_%%d%_%%d%_%%d%_%%d%_%%d%_%%d%_%%d%_%%d%_%%d%_%%d%_] List: Change[%%d%] Avail[%%d% kB] "
000282 103 "_%%d%_%%d%_%%d%_%%d%_%%d%_%%d%_%%d%_%%d%_%%d%_%%d%_%%d%_%%d%_%%d%_] List: Change[-%%d%] Avail[%%d% kB] "
000200 041 "file created: %%d%.%%d%.%%d%%%H%%%d%:%%d%"
000001 021 "gth:%%d% data:%%DUMP%"
581938 041 "load_sr: Msg=%%HH% on channel %%d% data: "
014193 051 "osadapter: Create Mirror: size:%%d% @%%d%ms-@%%d%ms"



lineNoTotal=121945172
lines.size()=504
H = 6.465574846805464 Bit/Symbol
bits = 7.88445636772566E8
bytes=9.855570459657075E7
%DUMP: 1082817909
%H:1: 85372707
%HH:1: 30857
%HH:2: 4223439
%HH:4: 1865459
%HHH:2: 6910953
%d:1: 178904059
%d:2: 182980485
%d:4: 82266655


 Datentr„ger in Laufwerk D: ist DATA
 Volumeseriennummer: 04AC-3BFF

 Verzeichnis von d:\tmp\CPH_2015_10_04

04.10.2015  09:42         8.611.459 OSA_XR3_01000.zip
04.10.2015  09:44         8.660.031 OSA_XR3_01001.zip
04.10.2015  09:47         8.515.586 OSA_XR3_01002.zip
04.10.2015  09:49         8.482.250 OSA_XR3_01003.zip
04.10.2015  09:52         8.599.095 OSA_XR3_01004.zip
04.10.2015  09:54         8.627.660 OSA_XR3_01005.zip
04.10.2015  09:57         8.571.742 OSA_XR3_01006.zip
04.10.2015  09:59         8.604.482 OSA_XR3_01007.zip
04.10.2015  10:01         8.619.379 OSA_XR3_01008.zip
04.10.2015  10:03         8.717.147 OSA_XR3_01009.zip
04.10.2015  10:06         8.577.430 OSA_XR3_01010.zip
04.10.2015  10:08         8.580.926 OSA_XR3_01011.zip
04.10.2015  10:10         8.702.625 OSA_XR3_01012.zip
04.10.2015  10:13         8.668.121 OSA_XR3_01013.zip
04.10.2015  10:15         8.673.819 OSA_XR3_01014.zip
04.10.2015  10:17         8.614.202 OSA_XR3_01015.zip
04.10.2015  10:20         8.635.803 OSA_XR3_01016.zip
04.10.2015  10:22         8.606.307 OSA_XR3_01017.zip
04.10.2015  10:24         8.759.265 OSA_XR3_01018.zip
04.10.2015  10:26         8.549.246 OSA_XR3_01019.zip
04.10.2015  10:29         8.638.906 OSA_XR3_01020.zip
04.10.2015  10:31         8.759.509 OSA_XR3_01021.zip
04.10.2015  10:33         8.644.282 OSA_XR3_01022.zip
04.10.2015  10:36         8.729.695 OSA_XR3_01023.zip
04.10.2015  10:38         8.698.464 OSA_XR3_01024.zip
04.10.2015  10:40         8.639.115 OSA_XR3_01025.zip
04.10.2015  10:42         8.551.319 OSA_XR3_01026.zip
04.10.2015  10:44         8.710.346 OSA_XR3_01027.zip
04.10.2015  10:46         8.656.694 OSA_XR3_01028.zip
04.10.2015  10:48         8.713.198 OSA_XR3_01029.zip
04.10.2015  10:50         8.784.142 OSA_XR3_01030.zip
04.10.2015  10:52         8.724.232 OSA_XR3_01031.zip
04.10.2015  10:54         8.690.506 OSA_XR3_01032.zip
04.10.2015  10:56         8.702.270 OSA_XR3_01033.zip
04.10.2015  10:58         8.716.038 OSA_XR3_01034.zip
04.10.2015  11:00         8.802.713 OSA_XR3_01035.zip
04.10.2015  11:02         8.714.983 OSA_XR3_01036.zip
04.10.2015  11:04         8.783.777 OSA_XR3_01037.zip
04.10.2015  11:06         8.761.601 OSA_XR3_01038.zip
04.10.2015  11:08         8.810.042 OSA_XR3_01039.zip
04.10.2015  11:10         8.866.703 OSA_XR3_01040.zip
04.10.2015  11:12         8.724.214 OSA_XR3_01041.zip
04.10.2015  11:14         8.799.983 OSA_XR3_01042.zip
04.10.2015  11:16         8.773.271 OSA_XR3_01043.zip
04.10.2015  11:18         8.710.124 OSA_XR3_01044.zip
04.10.2015  11:20         8.805.797 OSA_XR3_01045.zip
04.10.2015  11:22         8.646.652 OSA_XR3_01046.zip
04.10.2015  11:24         8.683.003 OSA_XR3_01047.zip
04.10.2015  11:26         8.655.407 OSA_XR3_01048.zip
04.10.2015  11:28         8.638.757 OSA_XR3_01049.zip
04.10.2015  11:30         8.733.255 OSA_XR3_01050.zip
04.10.2015  11:32         8.693.912 OSA_XR3_01051.zip
04.10.2015  11:34         8.760.497 OSA_XR3_01052.zip
04.10.2015  11:36         8.769.150 OSA_XR3_01053.zip
04.10.2015  11:38         8.683.470 OSA_XR3_01054.zip
04.10.2015  11:40         8.752.776 OSA_XR3_01055.zip
04.10.2015  11:42         8.727.631 OSA_XR3_01056.zip
04.10.2015  11:44         8.801.634 OSA_XR3_01057.zip
04.10.2015  11:46         8.631.950 OSA_XR3_01058.zip
04.10.2015  11:48         8.669.438 OSA_XR3_01059.zip
04.10.2015  11:50         8.817.330 OSA_XR3_01060.zip
04.10.2015  11:53         8.707.493 OSA_XR3_01061.zip
04.10.2015  11:55         8.760.490 OSA_XR3_01062.zip
04.10.2015  11:57         8.704.141 OSA_XR3_01063.zip
04.10.2015  11:59         8.757.661 OSA_XR3_01064.zip
04.10.2015  12:01         8.775.889 OSA_XR3_01065.zip
04.10.2015  12:03         8.777.208 OSA_XR3_01066.zip
04.10.2015  12:05         8.769.840 OSA_XR3_01067.zip
04.10.2015  12:07         8.664.642 OSA_XR3_01068.zip
04.10.2015  12:09         8.730.270 OSA_XR3_01069.zip
04.10.2015  12:11         8.761.725 OSA_XR3_01070.zip
04.10.2015  12:13         8.750.750 OSA_XR3_01071.zip
04.10.2015  12:15         8.774.604 OSA_XR3_01072.zip
04.10.2015  12:18         8.668.026 OSA_XR3_01073.zip
04.10.2015  12:20         8.772.797 OSA_XR3_01074.zip
04.10.2015  12:22         8.738.948 OSA_XR3_01075.zip
04.10.2015  12:24         8.822.852 OSA_XR3_01076.zip
04.10.2015  12:26         8.727.751 OSA_XR3_01077.zip
04.10.2015  12:28         8.650.552 OSA_XR3_01078.zip
04.10.2015  12:30         8.790.283 OSA_XR3_01079.zip
04.10.2015  12:32         8.706.421 OSA_XR3_01080.zip
04.10.2015  12:34         8.740.350 OSA_XR3_01081.zip
04.10.2015  12:36         8.767.031 OSA_XR3_01082.zip
04.10.2015  12:38         8.669.963 OSA_XR3_01083.zip
04.10.2015  12:40         8.790.115 OSA_XR3_01084.zip
04.10.2015  12:42         8.722.453 OSA_XR3_01085.zip
04.10.2015  12:44         8.781.328 OSA_XR3_01086.zip
04.10.2015  12:46         8.622.387 OSA_XR3_01087.zip
04.10.2015  12:48         8.584.342 OSA_XR3_01088.zip
04.10.2015  12:50         8.779.595 OSA_XR3_01089.zip
04.10.2015  12:52         8.735.772 OSA_XR3_01090.zip
04.10.2015  12:55         8.774.725 OSA_XR3_01091.zip
04.10.2015  12:57         8.697.586 OSA_XR3_01092.zip
04.10.2015  12:59         8.698.754 OSA_XR3_01093.zip
04.10.2015  13:01         8.735.793 OSA_XR3_01094.zip
04.10.2015  13:03         8.733.239 OSA_XR3_01095.zip
04.10.2015  13:05         8.746.775 OSA_XR3_01096.zip
04.10.2015  13:07         8.648.112 OSA_XR3_01097.zip
04.10.2015  13:09         8.659.953 OSA_XR3_01098.zip
04.10.2015  13:11         8.763.394 OSA_XR3_01099.zip
04.10.2015  13:13         8.706.268 OSA_XR3_01100.zip
04.10.2015  13:15         8.803.430 OSA_XR3_01101.zip
04.10.2015  13:17         8.677.639 OSA_XR3_01102.zip
04.10.2015  13:19         8.755.231 OSA_XR3_01103.zip
04.10.2015  13:21         8.762.818 OSA_XR3_01104.zip
04.10.2015  13:23         8.777.553 OSA_XR3_01105.zip
04.10.2015  13:25         8.763.972 OSA_XR3_01106.zip
04.10.2015  13:27         8.625.367 OSA_XR3_01107.zip
04.10.2015  13:29         8.712.486 OSA_XR3_01108.zip
04.10.2015  13:32         8.764.981 OSA_XR3_01109.zip
04.10.2015  13:34         8.744.305 OSA_XR3_01110.zip
04.10.2015  13:36         8.760.109 OSA_XR3_01111.zip
04.10.2015  13:38         8.662.003 OSA_XR3_01112.zip
04.10.2015  13:40         8.778.621 OSA_XR3_01113.zip
04.10.2015  13:42         8.717.305 OSA_XR3_01114.zip
04.10.2015  13:44         8.788.903 OSA_XR3_01115.zip
04.10.2015  13:46         8.662.307 OSA_XR3_01116.zip
04.10.2015  13:48         8.588.570 OSA_XR3_01117.zip
04.10.2015  13:50         8.646.400 OSA_XR3_01118.zip
04.10.2015  13:53         8.589.642 OSA_XR3_01119.zip
04.10.2015  13:56         8.550.254 OSA_XR3_01120.zip
04.10.2015  13:58         8.616.373 OSA_XR3_01121.zip
04.10.2015  14:00         8.596.540 OSA_XR3_01122.zip
04.10.2015  14:02         8.589.546 OSA_XR3_01123.zip
04.10.2015  14:04         8.674.248 OSA_XR3_01124.zip
04.10.2015  14:06         8.671.806 OSA_XR3_01125.zip
04.10.2015  14:08         8.764.098 OSA_XR3_01126.zip
04.10.2015  14:10         8.822.435 OSA_XR3_01127.zip
04.10.2015  14:12         8.755.045 OSA_XR3_01128.zip
04.10.2015  14:14         8.865.558 OSA_XR3_01129.zip
04.10.2015  14:16         8.718.366 OSA_XR3_01130.zip
04.10.2015  14:18         8.709.979 OSA_XR3_01131.zip
04.10.2015  14:20         8.742.103 OSA_XR3_01132.zip
04.10.2015  14:22         8.790.713 OSA_XR3_01133.zip
04.10.2015  14:23         8.793.924 OSA_XR3_01134.zip
04.10.2015  14:26         8.678.548 OSA_XR3_01135.zip
04.10.2015  14:28         8.571.698 OSA_XR3_01136.zip
04.10.2015  14:30         8.591.259 OSA_XR3_01137.zip
04.10.2015  14:32         8.512.808 OSA_XR3_01138.zip
04.10.2015  14:34         8.503.739 OSA_XR3_01139.zip
04.10.2015  14:36         8.553.201 OSA_XR3_01140.zip
04.10.2015  14:39         8.569.134 OSA_XR3_01141.zip
04.10.2015  14:41         8.690.828 OSA_XR3_01142.zip
04.10.2015  14:43         8.618.443 OSA_XR3_01143.zip
04.10.2015  14:45         8.691.226 OSA_XR3_01144.zip
04.10.2015  14:48         8.582.695 OSA_XR3_01145.zip
04.10.2015  14:50         8.606.061 OSA_XR3_01146.zip
04.10.2015  14:52         8.610.937 OSA_XR3_01147.zip
04.10.2015  14:54         8.694.486 OSA_XR3_01148.zip
04.10.2015  14:57         8.634.794 OSA_XR3_01149.zip
04.10.2015  14:59         8.718.727 OSA_XR3_01150.zip
04.10.2015  15:01         8.801.116 OSA_XR3_01151.zip
04.10.2015  15:03         8.744.589 OSA_XR3_01152.zip
04.10.2015  15:05         8.702.944 OSA_XR3_01153.zip
04.10.2015  15:07         8.515.377 OSA_XR3_01154.zip
04.10.2015  15:10         8.624.567 OSA_XR3_01155.zip
04.10.2015  15:12         8.659.236 OSA_XR3_01156.zip
04.10.2015  15:14         8.660.352 OSA_XR3_01157.zip
04.10.2015  15:17         8.478.735 OSA_XR3_01158.zip
04.10.2015  15:19         8.511.682 OSA_XR3_01159.zip
04.10.2015  15:21         8.589.635 OSA_XR3_01160.zip
04.10.2015  15:24         8.557.579 OSA_XR3_01161.zip
04.10.2015  15:26         8.457.020 OSA_XR3_01162.zip
04.10.2015  15:28         8.307.101 OSA_XR3_01163.zip
04.10.2015  15:31         8.414.221 OSA_XR3_01164.zip
04.10.2015  15:33         8.460.911 OSA_XR3_01165.zip
04.10.2015  15:36         8.509.620 OSA_XR3_01166.zip
04.10.2015  15:38         8.460.835 OSA_XR3_01167.zip
04.10.2015  15:40         8.541.675 OSA_XR3_01168.zip
04.10.2015  15:43         8.560.713 OSA_XR3_01169.zip
04.10.2015  15:45         8.545.520 OSA_XR3_01170.zip
04.10.2015  15:47         8.435.107 OSA_XR3_01171.zip
04.10.2015  15:50         8.376.400 OSA_XR3_01172.zip
04.10.2015  15:52         8.470.272 OSA_XR3_01173.zip
04.10.2015  15:55         8.427.919 OSA_XR3_01174.zip
04.10.2015  15:57         8.373.000 OSA_XR3_01175.zip
04.10.2015  15:59         8.360.864 OSA_XR3_01176.zip
04.10.2015  16:02         8.479.379 OSA_XR3_01177.zip
04.10.2015  16:04         8.556.794 OSA_XR3_01178.zip
04.10.2015  16:06         8.561.528 OSA_XR3_01179.zip
04.10.2015  16:09         8.482.520 OSA_XR3_01180.zip
04.10.2015  16:11         8.535.524 OSA_XR3_01181.zip
04.10.2015  16:13         8.461.270 OSA_XR3_01182.zip
04.10.2015  16:15         8.473.786 OSA_XR3_01183.zip
04.10.2015  16:18         8.570.838 OSA_XR3_01184.zip
04.10.2015  16:20         8.667.275 OSA_XR3_01185.zip
04.10.2015  16:22         8.549.507 OSA_XR3_01186.zip
04.10.2015  16:24         8.539.059 OSA_XR3_01187.zip
04.10.2015  16:27         8.521.226 OSA_XR3_01188.zip
04.10.2015  16:29         8.513.580 OSA_XR3_01189.zip
04.10.2015  16:31         8.544.030 OSA_XR3_01190.zip
04.10.2015  16:33         8.521.594 OSA_XR3_01191.zip
04.10.2015  16:36         8.346.530 OSA_XR3_01192.zip
04.10.2015  16:38         8.355.987 OSA_XR3_01193.zip
04.10.2015  16:40         8.411.628 OSA_XR3_01194.zip
04.10.2015  16:43         8.452.610 OSA_XR3_01195.zip
04.10.2015  16:45         8.449.409 OSA_XR3_01196.zip
04.10.2015  16:47         8.417.074 OSA_XR3_01197.zip
04.10.2015  16:50         8.389.408 OSA_XR3_01198.zip
04.10.2015  16:52         8.364.719 OSA_XR3_01199.zip
             200 Datei(en),  1.729.907.118 Bytes
               0 Verzeichnis(se), 75.286.228.992 Bytes frei
               

Input: Read  1:@0000  ac 01 a7 2d 98 01 6f 10 00 00 96 33 95 01 d7 44 27 43 00 00 00 00 00 00 00 00 00 00 00
Input: Read  1:@0000  ac 01 a8 2d 98 01 6f 10 00 00 97 33 95 01 02 45 27 43 00 00 00 00 00 00 00 00 00 00 00
                      00 00 01 00 00 00 00 00 00 00 01 00 00 00 43 01 00 00 00 00 00 00 00 00 00 00 00 00 00
                      00$2 01 00$7 01 00$3 43 01 0$13

ohne RLE 29
mit RLE 8
